[1716829101] warming up the model with an empty run
[1716829107] 
[1716829107] system_info: n_threads = 4 (n_threads_batch = 4) / 8 | AVX = 0 | AVX_VNNI = 0 | AVX2 = 0 | AVX512 = 0 | AVX512_VBMI = 0 | AVX512_VNNI = 0 | AVX512_BF16 = 0 | FMA = 0 | NEON = 1 | SVE = 0 | ARM_FMA = 1 | F16C = 0 | FP16_VA = 1 | WASM_SIMD = 0 | BLAS = 1 | SSE3 = 0 | SSSE3 = 0 | VSX = 0 | MATMUL_INT8 = 0 | LLAMAFILE = 1 | 
[1716829107] wooly_predict: input: Write the start to the next movie collaboration between Quentin Tarantino and Robert Rodriguez.

[1716829107] add_bos: 1
[1716829107] tokenize the prompt
[1716829107] prompt: "Write the start to the next movie collaboration between Quentin Tarantino and Robert Rodriguez.
"
[1716829107] tokens: [ '<s>':1, ' Write':14350, ' the':278, ' start':1369, ' to':304, ' the':278, ' next':2446, ' movie':14064, ' collaboration':24771, ' between':1546, ' Qu':751, 'entin':15440, ' Tar':11740, 'ant':424, 'ino':1789, ' and':322, ' Robert':4755, ' Rod':7733, 'rig':8966, 'uez':24448, '.':29889, '':13 ]
[1716829107] recalculate the cached logits (check): embd_inp.empty() false, n_matching_session_tokens 0, embd_inp.size() 22, session_tokens.size() 0, embd_inp.size() 22
[1716829107] 
[1716829107] wooly_predict: prompt: 'Write the start to the next movie collaboration between Quentin Tarantino and Robert Rodriguez.
'
[1716829107] wooly_predict: number of tokens in prompt = 22
[1716829107]      1 -> '<s>'
[1716829107]  14350 -> ' Write'
[1716829107]    278 -> ' the'
[1716829107]   1369 -> ' start'
[1716829107]    304 -> ' to'
[1716829107]    278 -> ' the'
[1716829107]   2446 -> ' next'
[1716829107]  14064 -> ' movie'
[1716829107]  24771 -> ' collaboration'
[1716829107]   1546 -> ' between'
[1716829107]    751 -> ' Qu'
[1716829107]  15440 -> 'entin'
[1716829107]  11740 -> ' Tar'
[1716829107]    424 -> 'ant'
[1716829107]   1789 -> 'ino'
[1716829107]    322 -> ' and'
[1716829107]   4755 -> ' Robert'
[1716829107]   7733 -> ' Rod'
[1716829107]   8966 -> 'rig'
[1716829107]  24448 -> 'uez'
[1716829107]  29889 -> '.'
[1716829107]     13 -> '
'
[1716829107] wooly_predict: static prompt based on n_keep: '[1716829107] <s>[1716829107]  Write[1716829107]  the[1716829107]  start[1716829107]  to[1716829107]  the[1716829107]  next[1716829107]  movie[1716829107]  collaboration[1716829107]  between[1716829107]  Qu[1716829107] entin[1716829107]  Tar[1716829107] ant[1716829107] ino[1716829107]  and[1716829107]  Robert[1716829107]  Rod[1716829107] rig[1716829107] uez[1716829107] .[1716829107] 
[1716829107] '
[1716829107] 
[1716829107] sampling: 
	repeat_last_n = 512, repeat_penalty = 1.100, frequency_penalty = 0.000, presence_penalty = 0.000
	top_k = 40, tfs_z = 1.000, top_p = 1.000, min_p = 0.080, typical_p = 1.000, temp = 1.100
	mirostat = 0, mirostat_lr = 0.100, mirostat_ent = 5.000
[1716829107] sampling order: 
CFG -> Penalties -> top_k -> tfs_z -> typical_p -> top_p -> min_p -> temperature 
[1716829107] generate: n_ctx = 2048, n_batch = 128, n_predict = 100, n_keep = 22
[1716829107] 

[1716829107] embd_inp.size(): 22, n_consumed: 0
[1716829107] eval: [ '<s>':1, ' Write':14350, ' the':278, ' start':1369, ' to':304, ' the':278, ' next':2446, ' movie':14064, ' collaboration':24771, ' between':1546, ' Qu':751, 'entin':15440, ' Tar':11740, 'ant':424, 'ino':1789, ' and':322, ' Robert':4755, ' Rod':7733, 'rig':8966, 'uez':24448, '.':29889, '':13 ]
[1716829107] n_past = 22
[1716829107] 
Tokens consumed so far = 22 / 2048
[1716829107] last: [ '':0, '':0, '':0, '':0, '':0, '':0, '':0, '':0, '':0, '':0, '':0, '':0, '':0, '':0, '':0, '':0, '':0, '':0, '':0, '':0, '':0, '':0, '':0, '':0, '':0, '':0, '':0, '':0, '':0, '':0, '':0, '':0, '':0, '':0, '':0, '':0, '':0, '':0, '':0, '':0, '':0, '<s>':1, ' Write':14350, ' the':278, ' start':1369, ' to':304, ' the':278, ' next':2446, ' movie':14064, ' collaboration':24771, ' between':1546, ' Qu':751, 'entin':15440, ' Tar':11740, 'ant':424, 'ino':1789, ' and':322, ' Robert':4755, ' Rod':7733, 'rig':8966, 'uez':24448, '.':29889, '':13, '<|assistant|>':32001 ]
[1716829107] n_remain: 99
[1716829107] eval: [ '<|assistant|>':32001 ]
[1716829107] n_past = 23
[1716829107] 
Tokens consumed so far = 23 / 2048
[1716829107] last: [ '':0, '':0, '':0, '':0, '':0, '':0, '':0, '':0, '':0, '':0, '':0, '':0, '':0, '':0, '':0, '':0, '':0, '':0, '':0, '':0, '':0, '':0, '':0, '':0, '':0, '':0, '':0, '':0, '':0, '':0, '':0, '':0, '':0, '':0, '':0, '':0, '':0, '':0, '':0, '':0, '<s>':1, ' Write':14350, ' the':278, ' start':1369, ' to':304, ' the':278, ' next':2446, ' movie':14064, ' collaboration':24771, ' between':1546, ' Qu':751, 'entin':15440, ' Tar':11740, 'ant':424, 'ino':1789, ' and':322, ' Robert':4755, ' Rod':7733, 'rig':8966, 'uez':24448, '.':29889, '':13, '<|assistant|>':32001, ' Title':18527 ]
[1716829107] n_remain: 98
[1716829107] eval: [ ' Title':18527 ]
[1716829107] n_past = 24
[1716829107] 
Tokens consumed so far = 24 / 2048
[1716829107] last: [ '':0, '':0, '':0, '':0, '':0, '':0, '':0, '':0, '':0, '':0, '':0, '':0, '':0, '':0, '':0, '':0, '':0, '':0, '':0, '':0, '':0, '':0, '':0, '':0, '':0, '':0, '':0, '':0, '':0, '':0, '':0, '':0, '':0, '':0, '':0, '':0, '':0, '':0, '':0, '<s>':1, ' Write':14350, ' the':278, ' start':1369, ' to':304, ' the':278, ' next':2446, ' movie':14064, ' collaboration':24771, ' between':1546, ' Qu':751, 'entin':15440, ' Tar':11740, 'ant':424, 'ino':1789, ' and':322, ' Robert':4755, ' Rod':7733, 'rig':8966, 'uez':24448, '.':29889, '':13, '<|assistant|>':32001, ' Title':18527, ':':29901 ]
[1716829107] n_remain: 97
[1716829107] eval: [ ':':29901 ]
[1716829107] n_past = 25
[1716829107] 
Tokens consumed so far = 25 / 2048
[1716829107] last: [ '':0, '':0, '':0, '':0, '':0, '':0, '':0, '':0, '':0, '':0, '':0, '':0, '':0, '':0, '':0, '':0, '':0, '':0, '':0, '':0, '':0, '':0, '':0, '':0, '':0, '':0, '':0, '':0, '':0, '':0, '':0, '':0, '':0, '':0, '':0, '':0, '':0, '':0, '<s>':1, ' Write':14350, ' the':278, ' start':1369, ' to':304, ' the':278, ' next':2446, ' movie':14064, ' collaboration':24771, ' between':1546, ' Qu':751, 'entin':15440, ' Tar':11740, 'ant':424, 'ino':1789, ' and':322, ' Robert':4755, ' Rod':7733, 'rig':8966, 'uez':24448, '.':29889, '':13, '<|assistant|>':32001, ' Title':18527, ':':29901, ' "':376 ]
[1716829107] n_remain: 96
[1716829107] eval: [ ' "':376 ]
[1716829107] n_past = 26
[1716829107] 
Tokens consumed so far = 26 / 2048
[1716829107] last: [ '':0, '':0, '':0, '':0, '':0, '':0, '':0, '':0, '':0, '':0, '':0, '':0, '':0, '':0, '':0, '':0, '':0, '':0, '':0, '':0, '':0, '':0, '':0, '':0, '':0, '':0, '':0, '':0, '':0, '':0, '':0, '':0, '':0, '':0, '':0, '':0, '':0, '<s>':1, ' Write':14350, ' the':278, ' start':1369, ' to':304, ' the':278, ' next':2446, ' movie':14064, ' collaboration':24771, ' between':1546, ' Qu':751, 'entin':15440, ' Tar':11740, 'ant':424, 'ino':1789, ' and':322, ' Robert':4755, ' Rod':7733, 'rig':8966, 'uez':24448, '.':29889, '':13, '<|assistant|>':32001, ' Title':18527, ':':29901, ' "':376, 'The':1576 ]
[1716829107] n_remain: 95
[1716829107] eval: [ 'The':1576 ]
[1716829107] n_past = 27
[1716829107] 
Tokens consumed so far = 27 / 2048
[1716829107] last: [ '':0, '':0, '':0, '':0, '':0, '':0, '':0, '':0, '':0, '':0, '':0, '':0, '':0, '':0, '':0, '':0, '':0, '':0, '':0, '':0, '':0, '':0, '':0, '':0, '':0, '':0, '':0, '':0, '':0, '':0, '':0, '':0, '':0, '':0, '':0, '':0, '<s>':1, ' Write':14350, ' the':278, ' start':1369, ' to':304, ' the':278, ' next':2446, ' movie':14064, ' collaboration':24771, ' between':1546, ' Qu':751, 'entin':15440, ' Tar':11740, 'ant':424, 'ino':1789, ' and':322, ' Robert':4755, ' Rod':7733, 'rig':8966, 'uez':24448, '.':29889, '':13, '<|assistant|>':32001, ' Title':18527, ':':29901, ' "':376, 'The':1576, ' B':350 ]
[1716829107] n_remain: 94
[1716829107] eval: [ ' B':350 ]
[1716829107] n_past = 28
[1716829107] 
Tokens consumed so far = 28 / 2048
[1716829107] last: [ '':0, '':0, '':0, '':0, '':0, '':0, '':0, '':0, '':0, '':0, '':0, '':0, '':0, '':0, '':0, '':0, '':0, '':0, '':0, '':0, '':0, '':0, '':0, '':0, '':0, '':0, '':0, '':0, '':0, '':0, '':0, '':0, '':0, '':0, '':0, '<s>':1, ' Write':14350, ' the':278, ' start':1369, ' to':304, ' the':278, ' next':2446, ' movie':14064, ' collaboration':24771, ' between':1546, ' Qu':751, 'entin':15440, ' Tar':11740, 'ant':424, 'ino':1789, ' and':322, ' Robert':4755, ' Rod':7733, 'rig':8966, 'uez':24448, '.':29889, '':13, '<|assistant|>':32001, ' Title':18527, ':':29901, ' "':376, 'The':1576, ' B':350, 'ount':792 ]
[1716829107] n_remain: 93
[1716829107] eval: [ 'ount':792 ]
[1716829107] n_past = 29
[1716829107] 
Tokens consumed so far = 29 / 2048
[1716829107] last: [ '':0, '':0, '':0, '':0, '':0, '':0, '':0, '':0, '':0, '':0, '':0, '':0, '':0, '':0, '':0, '':0, '':0, '':0, '':0, '':0, '':0, '':0, '':0, '':0, '':0, '':0, '':0, '':0, '':0, '':0, '':0, '':0, '':0, '':0, '<s>':1, ' Write':14350, ' the':278, ' start':1369, ' to':304, ' the':278, ' next':2446, ' movie':14064, ' collaboration':24771, ' between':1546, ' Qu':751, 'entin':15440, ' Tar':11740, 'ant':424, 'ino':1789, ' and':322, ' Robert':4755, ' Rod':7733, 'rig':8966, 'uez':24448, '.':29889, '':13, '<|assistant|>':32001, ' Title':18527, ':':29901, ' "':376, 'The':1576, ' B':350, 'ount':792, 'y':29891 ]
[1716829107] n_remain: 92
[1716829107] eval: [ 'y':29891 ]
[1716829107] n_past = 30
[1716829107] 
Tokens consumed so far = 30 / 2048
[1716829107] last: [ '':0, '':0, '':0, '':0, '':0, '':0, '':0, '':0, '':0, '':0, '':0, '':0, '':0, '':0, '':0, '':0, '':0, '':0, '':0, '':0, '':0, '':0, '':0, '':0, '':0, '':0, '':0, '':0, '':0, '':0, '':0, '':0, '':0, '<s>':1, ' Write':14350, ' the':278, ' start':1369, ' to':304, ' the':278, ' next':2446, ' movie':14064, ' collaboration':24771, ' between':1546, ' Qu':751, 'entin':15440, ' Tar':11740, 'ant':424, 'ino':1789, ' and':322, ' Robert':4755, ' Rod':7733, 'rig':8966, 'uez':24448, '.':29889, '':13, '<|assistant|>':32001, ' Title':18527, ':':29901, ' "':376, 'The':1576, ' B':350, 'ount':792, 'y':29891, ' Hunter':25703 ]
[1716829107] n_remain: 91
[1716829107] eval: [ ' Hunter':25703 ]
[1716829107] n_past = 31
[1716829107] 
Tokens consumed so far = 31 / 2048
[1716829107] last: [ '':0, '':0, '':0, '':0, '':0, '':0, '':0, '':0, '':0, '':0, '':0, '':0, '':0, '':0, '':0, '':0, '':0, '':0, '':0, '':0, '':0, '':0, '':0, '':0, '':0, '':0, '':0, '':0, '':0, '':0, '':0, '':0, '<s>':1, ' Write':14350, ' the':278, ' start':1369, ' to':304, ' the':278, ' next':2446, ' movie':14064, ' collaboration':24771, ' between':1546, ' Qu':751, 'entin':15440, ' Tar':11740, 'ant':424, 'ino':1789, ' and':322, ' Robert':4755, ' Rod':7733, 'rig':8966, 'uez':24448, '.':29889, '':13, '<|assistant|>':32001, ' Title':18527, ':':29901, ' "':376, 'The':1576, ' B':350, 'ount':792, 'y':29891, ' Hunter':25703, ''':29915 ]
[1716829107] n_remain: 90
[1716829107] eval: [ ''':29915 ]
[1716829107] n_past = 32
[1716829107] 
Tokens consumed so far = 32 / 2048
[1716829107] last: [ '':0, '':0, '':0, '':0, '':0, '':0, '':0, '':0, '':0, '':0, '':0, '':0, '':0, '':0, '':0, '':0, '':0, '':0, '':0, '':0, '':0, '':0, '':0, '':0, '':0, '':0, '':0, '':0, '':0, '':0, '':0, '<s>':1, ' Write':14350, ' the':278, ' start':1369, ' to':304, ' the':278, ' next':2446, ' movie':14064, ' collaboration':24771, ' between':1546, ' Qu':751, 'entin':15440, ' Tar':11740, 'ant':424, 'ino':1789, ' and':322, ' Robert':4755, ' Rod':7733, 'rig':8966, 'uez':24448, '.':29889, '':13, '<|assistant|>':32001, ' Title':18527, ':':29901, ' "':376, 'The':1576, ' B':350, 'ount':792, 'y':29891, ' Hunter':25703, ''':29915, 's':29879 ]
[1716829107] n_remain: 89
[1716829107] eval: [ 's':29879 ]
[1716829107] n_past = 33
[1716829107] 
Tokens consumed so far = 33 / 2048
[1716829107] last: [ '':0, '':0, '':0, '':0, '':0, '':0, '':0, '':0, '':0, '':0, '':0, '':0, '':0, '':0, '':0, '':0, '':0, '':0, '':0, '':0, '':0, '':0, '':0, '':0, '':0, '':0, '':0, '':0, '':0, '':0, '<s>':1, ' Write':14350, ' the':278, ' start':1369, ' to':304, ' the':278, ' next':2446, ' movie':14064, ' collaboration':24771, ' between':1546, ' Qu':751, 'entin':15440, ' Tar':11740, 'ant':424, 'ino':1789, ' and':322, ' Robert':4755, ' Rod':7733, 'rig':8966, 'uez':24448, '.':29889, '':13, '<|assistant|>':32001, ' Title':18527, ':':29901, ' "':376, 'The':1576, ' B':350, 'ount':792, 'y':29891, ' Hunter':25703, ''':29915, 's':29879, ' Code':5920 ]
[1716829107] n_remain: 88
[1716829107] eval: [ ' Code':5920 ]
[1716829107] n_past = 34
[1716829107] 
Tokens consumed so far = 34 / 2048
[1716829107] last: [ '':0, '':0, '':0, '':0, '':0, '':0, '':0, '':0, '':0, '':0, '':0, '':0, '':0, '':0, '':0, '':0, '':0, '':0, '':0, '':0, '':0, '':0, '':0, '':0, '':0, '':0, '':0, '':0, '':0, '<s>':1, ' Write':14350, ' the':278, ' start':1369, ' to':304, ' the':278, ' next':2446, ' movie':14064, ' collaboration':24771, ' between':1546, ' Qu':751, 'entin':15440, ' Tar':11740, 'ant':424, 'ino':1789, ' and':322, ' Robert':4755, ' Rod':7733, 'rig':8966, 'uez':24448, '.':29889, '':13, '<|assistant|>':32001, ' Title':18527, ':':29901, ' "':376, 'The':1576, ' B':350, 'ount':792, 'y':29891, ' Hunter':25703, ''':29915, 's':29879, ' Code':5920, '"':29908 ]
[1716829107] n_remain: 87
[1716829107] eval: [ '"':29908 ]
[1716829107] n_past = 35
[1716829107] 
Tokens consumed so far = 35 / 2048
[1716829107] last: [ '':0, '':0, '':0, '':0, '':0, '':0, '':0, '':0, '':0, '':0, '':0, '':0, '':0, '':0, '':0, '':0, '':0, '':0, '':0, '':0, '':0, '':0, '':0, '':0, '':0, '':0, '':0, '':0, '<s>':1, ' Write':14350, ' the':278, ' start':1369, ' to':304, ' the':278, ' next':2446, ' movie':14064, ' collaboration':24771, ' between':1546, ' Qu':751, 'entin':15440, ' Tar':11740, 'ant':424, 'ino':1789, ' and':322, ' Robert':4755, ' Rod':7733, 'rig':8966, 'uez':24448, '.':29889, '':13, '<|assistant|>':32001, ' Title':18527, ':':29901, ' "':376, 'The':1576, ' B':350, 'ount':792, 'y':29891, ' Hunter':25703, ''':29915, 's':29879, ' Code':5920, '"':29908, '':13 ]
[1716829107] n_remain: 86
[1716829107] eval: [ '':13 ]
[1716829107] n_past = 36
[1716829107] 
Tokens consumed so far = 36 / 2048
[1716829107] last: [ '':0, '':0, '':0, '':0, '':0, '':0, '':0, '':0, '':0, '':0, '':0, '':0, '':0, '':0, '':0, '':0, '':0, '':0, '':0, '':0, '':0, '':0, '':0, '':0, '':0, '':0, '':0, '<s>':1, ' Write':14350, ' the':278, ' start':1369, ' to':304, ' the':278, ' next':2446, ' movie':14064, ' collaboration':24771, ' between':1546, ' Qu':751, 'entin':15440, ' Tar':11740, 'ant':424, 'ino':1789, ' and':322, ' Robert':4755, ' Rod':7733, 'rig':8966, 'uez':24448, '.':29889, '':13, '<|assistant|>':32001, ' Title':18527, ':':29901, ' "':376, 'The':1576, ' B':350, 'ount':792, 'y':29891, ' Hunter':25703, ''':29915, 's':29879, ' Code':5920, '"':29908, '':13, '':13 ]
[1716829107] n_remain: 85
[1716829107] eval: [ '':13 ]
[1716829107] n_past = 37
[1716829107] 
Tokens consumed so far = 37 / 2048
[1716829107] last: [ '':0, '':0, '':0, '':0, '':0, '':0, '':0, '':0, '':0, '':0, '':0, '':0, '':0, '':0, '':0, '':0, '':0, '':0, '':0, '':0, '':0, '':0, '':0, '':0, '':0, '':0, '<s>':1, ' Write':14350, ' the':278, ' start':1369, ' to':304, ' the':278, ' next':2446, ' movie':14064, ' collaboration':24771, ' between':1546, ' Qu':751, 'entin':15440, ' Tar':11740, 'ant':424, 'ino':1789, ' and':322, ' Robert':4755, ' Rod':7733, 'rig':8966, 'uez':24448, '.':29889, '':13, '<|assistant|>':32001, ' Title':18527, ':':29901, ' "':376, 'The':1576, ' B':350, 'ount':792, 'y':29891, ' Hunter':25703, ''':29915, 's':29879, ' Code':5920, '"':29908, '':13, '':13, 'In':797 ]
[1716829107] n_remain: 84
[1716829107] eval: [ 'In':797 ]
[1716829107] n_past = 38
[1716829107] 
Tokens consumed so far = 38 / 2048
[1716829107] last: [ '':0, '':0, '':0, '':0, '':0, '':0, '':0, '':0, '':0, '':0, '':0, '':0, '':0, '':0, '':0, '':0, '':0, '':0, '':0, '':0, '':0, '':0, '':0, '':0, '':0, '<s>':1, ' Write':14350, ' the':278, ' start':1369, ' to':304, ' the':278, ' next':2446, ' movie':14064, ' collaboration':24771, ' between':1546, ' Qu':751, 'entin':15440, ' Tar':11740, 'ant':424, 'ino':1789, ' and':322, ' Robert':4755, ' Rod':7733, 'rig':8966, 'uez':24448, '.':29889, '':13, '<|assistant|>':32001, ' Title':18527, ':':29901, ' "':376, 'The':1576, ' B':350, 'ount':792, 'y':29891, ' Hunter':25703, ''':29915, 's':29879, ' Code':5920, '"':29908, '':13, '':13, 'In':797, ' the':278 ]
[1716829107] n_remain: 83
[1716829107] eval: [ ' the':278 ]
[1716829108] n_past = 39
[1716829108] 
Tokens consumed so far = 39 / 2048
[1716829108] last: [ '':0, '':0, '':0, '':0, '':0, '':0, '':0, '':0, '':0, '':0, '':0, '':0, '':0, '':0, '':0, '':0, '':0, '':0, '':0, '':0, '':0, '':0, '':0, '':0, '<s>':1, ' Write':14350, ' the':278, ' start':1369, ' to':304, ' the':278, ' next':2446, ' movie':14064, ' collaboration':24771, ' between':1546, ' Qu':751, 'entin':15440, ' Tar':11740, 'ant':424, 'ino':1789, ' and':322, ' Robert':4755, ' Rod':7733, 'rig':8966, 'uez':24448, '.':29889, '':13, '<|assistant|>':32001, ' Title':18527, ':':29901, ' "':376, 'The':1576, ' B':350, 'ount':792, 'y':29891, ' Hunter':25703, ''':29915, 's':29879, ' Code':5920, '"':29908, '':13, '':13, 'In':797, ' the':278, ' ne':452 ]
[1716829108] n_remain: 82
[1716829108] eval: [ ' ne':452 ]
[1716829108] n_past = 40
[1716829108] 
Tokens consumed so far = 40 / 2048
[1716829108] last: [ '':0, '':0, '':0, '':0, '':0, '':0, '':0, '':0, '':0, '':0, '':0, '':0, '':0, '':0, '':0, '':0, '':0, '':0, '':0, '':0, '':0, '':0, '':0, '<s>':1, ' Write':14350, ' the':278, ' start':1369, ' to':304, ' the':278, ' next':2446, ' movie':14064, ' collaboration':24771, ' between':1546, ' Qu':751, 'entin':15440, ' Tar':11740, 'ant':424, 'ino':1789, ' and':322, ' Robert':4755, ' Rod':7733, 'rig':8966, 'uez':24448, '.':29889, '':13, '<|assistant|>':32001, ' Title':18527, ':':29901, ' "':376, 'The':1576, ' B':350, 'ount':792, 'y':29891, ' Hunter':25703, ''':29915, 's':29879, ' Code':5920, '"':29908, '':13, '':13, 'In':797, ' the':278, ' ne':452, 'on':265 ]
[1716829108] n_remain: 81
[1716829108] eval: [ 'on':265 ]
[1716829108] n_past = 41
[1716829108] 
Tokens consumed so far = 41 / 2048
[1716829108] last: [ '':0, '':0, '':0, '':0, '':0, '':0, '':0, '':0, '':0, '':0, '':0, '':0, '':0, '':0, '':0, '':0, '':0, '':0, '':0, '':0, '':0, '':0, '<s>':1, ' Write':14350, ' the':278, ' start':1369, ' to':304, ' the':278, ' next':2446, ' movie':14064, ' collaboration':24771, ' between':1546, ' Qu':751, 'entin':15440, ' Tar':11740, 'ant':424, 'ino':1789, ' and':322, ' Robert':4755, ' Rod':7733, 'rig':8966, 'uez':24448, '.':29889, '':13, '<|assistant|>':32001, ' Title':18527, ':':29901, ' "':376, 'The':1576, ' B':350, 'ount':792, 'y':29891, ' Hunter':25703, ''':29915, 's':29879, ' Code':5920, '"':29908, '':13, '':13, 'In':797, ' the':278, ' ne':452, 'on':265, '-':29899 ]
[1716829108] n_remain: 80
[1716829108] eval: [ '-':29899 ]
[1716829108] n_past = 42
[1716829108] 
Tokens consumed so far = 42 / 2048
[1716829108] last: [ '':0, '':0, '':0, '':0, '':0, '':0, '':0, '':0, '':0, '':0, '':0, '':0, '':0, '':0, '':0, '':0, '':0, '':0, '':0, '':0, '':0, '<s>':1, ' Write':14350, ' the':278, ' start':1369, ' to':304, ' the':278, ' next':2446, ' movie':14064, ' collaboration':24771, ' between':1546, ' Qu':751, 'entin':15440, ' Tar':11740, 'ant':424, 'ino':1789, ' and':322, ' Robert':4755, ' Rod':7733, 'rig':8966, 'uez':24448, '.':29889, '':13, '<|assistant|>':32001, ' Title':18527, ':':29901, ' "':376, 'The':1576, ' B':350, 'ount':792, 'y':29891, ' Hunter':25703, ''':29915, 's':29879, ' Code':5920, '"':29908, '':13, '':13, 'In':797, ' the':278, ' ne':452, 'on':265, '-':29899, 'so':578 ]
[1716829108] n_remain: 79
[1716829108] eval: [ 'so':578 ]
[1716829108] n_past = 43
[1716829108] 
Tokens consumed so far = 43 / 2048
[1716829108] last: [ '':0, '':0, '':0, '':0, '':0, '':0, '':0, '':0, '':0, '':0, '':0, '':0, '':0, '':0, '':0, '':0, '':0, '':0, '':0, '':0, '<s>':1, ' Write':14350, ' the':278, ' start':1369, ' to':304, ' the':278, ' next':2446, ' movie':14064, ' collaboration':24771, ' between':1546, ' Qu':751, 'entin':15440, ' Tar':11740, 'ant':424, 'ino':1789, ' and':322, ' Robert':4755, ' Rod':7733, 'rig':8966, 'uez':24448, '.':29889, '':13, '<|assistant|>':32001, ' Title':18527, ':':29901, ' "':376, 'The':1576, ' B':350, 'ount':792, 'y':29891, ' Hunter':25703, ''':29915, 's':29879, ' Code':5920, '"':29908, '':13, '':13, 'In':797, ' the':278, ' ne':452, 'on':265, '-':29899, 'so':578, 'aked':12535 ]
[1716829108] n_remain: 78
[1716829108] eval: [ 'aked':12535 ]
[1716829108] n_past = 44
[1716829108] 
Tokens consumed so far = 44 / 2048
[1716829108] last: [ '':0, '':0, '':0, '':0, '':0, '':0, '':0, '':0, '':0, '':0, '':0, '':0, '':0, '':0, '':0, '':0, '':0, '':0, '':0, '<s>':1, ' Write':14350, ' the':278, ' start':1369, ' to':304, ' the':278, ' next':2446, ' movie':14064, ' collaboration':24771, ' between':1546, ' Qu':751, 'entin':15440, ' Tar':11740, 'ant':424, 'ino':1789, ' and':322, ' Robert':4755, ' Rod':7733, 'rig':8966, 'uez':24448, '.':29889, '':13, '<|assistant|>':32001, ' Title':18527, ':':29901, ' "':376, 'The':1576, ' B':350, 'ount':792, 'y':29891, ' Hunter':25703, ''':29915, 's':29879, ' Code':5920, '"':29908, '':13, '':13, 'In':797, ' the':278, ' ne':452, 'on':265, '-':29899, 'so':578, 'aked':12535, ' city':4272 ]
[1716829108] n_remain: 77
[1716829108] eval: [ ' city':4272 ]
[1716829108] n_past = 45
[1716829108] 
Tokens consumed so far = 45 / 2048
[1716829108] last: [ '':0, '':0, '':0, '':0, '':0, '':0, '':0, '':0, '':0, '':0, '':0, '':0, '':0, '':0, '':0, '':0, '':0, '':0, '<s>':1, ' Write':14350, ' the':278, ' start':1369, ' to':304, ' the':278, ' next':2446, ' movie':14064, ' collaboration':24771, ' between':1546, ' Qu':751, 'entin':15440, ' Tar':11740, 'ant':424, 'ino':1789, ' and':322, ' Robert':4755, ' Rod':7733, 'rig':8966, 'uez':24448, '.':29889, '':13, '<|assistant|>':32001, ' Title':18527, ':':29901, ' "':376, 'The':1576, ' B':350, 'ount':792, 'y':29891, ' Hunter':25703, ''':29915, 's':29879, ' Code':5920, '"':29908, '':13, '':13, 'In':797, ' the':278, ' ne':452, 'on':265, '-':29899, 'so':578, 'aked':12535, ' city':4272, ' of':310 ]
[1716829108] n_remain: 76
[1716829108] eval: [ ' of':310 ]
[1716829108] n_past = 46
[1716829108] 
Tokens consumed so far = 46 / 2048
[1716829108] last: [ '':0, '':0, '':0, '':0, '':0, '':0, '':0, '':0, '':0, '':0, '':0, '':0, '':0, '':0, '':0, '':0, '':0, '<s>':1, ' Write':14350, ' the':278, ' start':1369, ' to':304, ' the':278, ' next':2446, ' movie':14064, ' collaboration':24771, ' between':1546, ' Qu':751, 'entin':15440, ' Tar':11740, 'ant':424, 'ino':1789, ' and':322, ' Robert':4755, ' Rod':7733, 'rig':8966, 'uez':24448, '.':29889, '':13, '<|assistant|>':32001, ' Title':18527, ':':29901, ' "':376, 'The':1576, ' B':350, 'ount':792, 'y':29891, ' Hunter':25703, ''':29915, 's':29879, ' Code':5920, '"':29908, '':13, '':13, 'In':797, ' the':278, ' ne':452, 'on':265, '-':29899, 'so':578, 'aked':12535, ' city':4272, ' of':310, ' Los':4602 ]
[1716829108] n_remain: 75
[1716829108] eval: [ ' Los':4602 ]
[1716829108] n_past = 47
[1716829108] 
Tokens consumed so far = 47 / 2048
[1716829108] last: [ '':0, '':0, '':0, '':0, '':0, '':0, '':0, '':0, '':0, '':0, '':0, '':0, '':0, '':0, '':0, '':0, '<s>':1, ' Write':14350, ' the':278, ' start':1369, ' to':304, ' the':278, ' next':2446, ' movie':14064, ' collaboration':24771, ' between':1546, ' Qu':751, 'entin':15440, ' Tar':11740, 'ant':424, 'ino':1789, ' and':322, ' Robert':4755, ' Rod':7733, 'rig':8966, 'uez':24448, '.':29889, '':13, '<|assistant|>':32001, ' Title':18527, ':':29901, ' "':376, 'The':1576, ' B':350, 'ount':792, 'y':29891, ' Hunter':25703, ''':29915, 's':29879, ' Code':5920, '"':29908, '':13, '':13, 'In':797, ' the':278, ' ne':452, 'on':265, '-':29899, 'so':578, 'aked':12535, ' city':4272, ' of':310, ' Los':4602, ' Angeles':10722 ]
[1716829108] n_remain: 74
[1716829108] eval: [ ' Angeles':10722 ]
[1716829108] n_past = 48
[1716829108] 
Tokens consumed so far = 48 / 2048
[1716829108] last: [ '':0, '':0, '':0, '':0, '':0, '':0, '':0, '':0, '':0, '':0, '':0, '':0, '':0, '':0, '':0, '<s>':1, ' Write':14350, ' the':278, ' start':1369, ' to':304, ' the':278, ' next':2446, ' movie':14064, ' collaboration':24771, ' between':1546, ' Qu':751, 'entin':15440, ' Tar':11740, 'ant':424, 'ino':1789, ' and':322, ' Robert':4755, ' Rod':7733, 'rig':8966, 'uez':24448, '.':29889, '':13, '<|assistant|>':32001, ' Title':18527, ':':29901, ' "':376, 'The':1576, ' B':350, 'ount':792, 'y':29891, ' Hunter':25703, ''':29915, 's':29879, ' Code':5920, '"':29908, '':13, '':13, 'In':797, ' the':278, ' ne':452, 'on':265, '-':29899, 'so':578, 'aked':12535, ' city':4272, ' of':310, ' Los':4602, ' Angeles':10722, ',':29892 ]
[1716829108] n_remain: 73
[1716829108] eval: [ ',':29892 ]
[1716829108] n_past = 49
[1716829108] 
Tokens consumed so far = 49 / 2048
[1716829108] last: [ '':0, '':0, '':0, '':0, '':0, '':0, '':0, '':0, '':0, '':0, '':0, '':0, '':0, '':0, '<s>':1, ' Write':14350, ' the':278, ' start':1369, ' to':304, ' the':278, ' next':2446, ' movie':14064, ' collaboration':24771, ' between':1546, ' Qu':751, 'entin':15440, ' Tar':11740, 'ant':424, 'ino':1789, ' and':322, ' Robert':4755, ' Rod':7733, 'rig':8966, 'uez':24448, '.':29889, '':13, '<|assistant|>':32001, ' Title':18527, ':':29901, ' "':376, 'The':1576, ' B':350, 'ount':792, 'y':29891, ' Hunter':25703, ''':29915, 's':29879, ' Code':5920, '"':29908, '':13, '':13, 'In':797, ' the':278, ' ne':452, 'on':265, '-':29899, 'so':578, 'aked':12535, ' city':4272, ' of':310, ' Los':4602, ' Angeles':10722, ',':29892, ' two':1023 ]
[1716829108] n_remain: 72
[1716829108] eval: [ ' two':1023 ]
[1716829108] n_past = 50
[1716829108] 
Tokens consumed so far = 50 / 2048
[1716829108] last: [ '':0, '':0, '':0, '':0, '':0, '':0, '':0, '':0, '':0, '':0, '':0, '':0, '':0, '<s>':1, ' Write':14350, ' the':278, ' start':1369, ' to':304, ' the':278, ' next':2446, ' movie':14064, ' collaboration':24771, ' between':1546, ' Qu':751, 'entin':15440, ' Tar':11740, 'ant':424, 'ino':1789, ' and':322, ' Robert':4755, ' Rod':7733, 'rig':8966, 'uez':24448, '.':29889, '':13, '<|assistant|>':32001, ' Title':18527, ':':29901, ' "':376, 'The':1576, ' B':350, 'ount':792, 'y':29891, ' Hunter':25703, ''':29915, 's':29879, ' Code':5920, '"':29908, '':13, '':13, 'In':797, ' the':278, ' ne':452, 'on':265, '-':29899, 'so':578, 'aked':12535, ' city':4272, ' of':310, ' Los':4602, ' Angeles':10722, ',':29892, ' two':1023, ' en':427 ]
[1716829108] n_remain: 71
[1716829108] eval: [ ' en':427 ]
[1716829108] n_past = 51
[1716829108] 
Tokens consumed so far = 51 / 2048
[1716829108] last: [ '':0, '':0, '':0, '':0, '':0, '':0, '':0, '':0, '':0, '':0, '':0, '':0, '<s>':1, ' Write':14350, ' the':278, ' start':1369, ' to':304, ' the':278, ' next':2446, ' movie':14064, ' collaboration':24771, ' between':1546, ' Qu':751, 'entin':15440, ' Tar':11740, 'ant':424, 'ino':1789, ' and':322, ' Robert':4755, ' Rod':7733, 'rig':8966, 'uez':24448, '.':29889, '':13, '<|assistant|>':32001, ' Title':18527, ':':29901, ' "':376, 'The':1576, ' B':350, 'ount':792, 'y':29891, ' Hunter':25703, ''':29915, 's':29879, ' Code':5920, '"':29908, '':13, '':13, 'In':797, ' the':278, ' ne':452, 'on':265, '-':29899, 'so':578, 'aked':12535, ' city':4272, ' of':310, ' Los':4602, ' Angeles':10722, ',':29892, ' two':1023, ' en':427, 'ig':335 ]
[1716829108] n_remain: 70
[1716829108] eval: [ 'ig':335 ]
[1716829108] n_past = 52
[1716829108] 
Tokens consumed so far = 52 / 2048
[1716829108] last: [ '':0, '':0, '':0, '':0, '':0, '':0, '':0, '':0, '':0, '':0, '':0, '<s>':1, ' Write':14350, ' the':278, ' start':1369, ' to':304, ' the':278, ' next':2446, ' movie':14064, ' collaboration':24771, ' between':1546, ' Qu':751, 'entin':15440, ' Tar':11740, 'ant':424, 'ino':1789, ' and':322, ' Robert':4755, ' Rod':7733, 'rig':8966, 'uez':24448, '.':29889, '':13, '<|assistant|>':32001, ' Title':18527, ':':29901, ' "':376, 'The':1576, ' B':350, 'ount':792, 'y':29891, ' Hunter':25703, ''':29915, 's':29879, ' Code':5920, '"':29908, '':13, '':13, 'In':797, ' the':278, ' ne':452, 'on':265, '-':29899, 'so':578, 'aked':12535, ' city':4272, ' of':310, ' Los':4602, ' Angeles':10722, ',':29892, ' two':1023, ' en':427, 'ig':335, 'm':29885 ]
[1716829108] n_remain: 69
[1716829108] eval: [ 'm':29885 ]
[1716829108] n_past = 53
[1716829108] 
Tokens consumed so far = 53 / 2048
[1716829108] last: [ '':0, '':0, '':0, '':0, '':0, '':0, '':0, '':0, '':0, '':0, '<s>':1, ' Write':14350, ' the':278, ' start':1369, ' to':304, ' the':278, ' next':2446, ' movie':14064, ' collaboration':24771, ' between':1546, ' Qu':751, 'entin':15440, ' Tar':11740, 'ant':424, 'ino':1789, ' and':322, ' Robert':4755, ' Rod':7733, 'rig':8966, 'uez':24448, '.':29889, '':13, '<|assistant|>':32001, ' Title':18527, ':':29901, ' "':376, 'The':1576, ' B':350, 'ount':792, 'y':29891, ' Hunter':25703, ''':29915, 's':29879, ' Code':5920, '"':29908, '':13, '':13, 'In':797, ' the':278, ' ne':452, 'on':265, '-':29899, 'so':578, 'aked':12535, ' city':4272, ' of':310, ' Los':4602, ' Angeles':10722, ',':29892, ' two':1023, ' en':427, 'ig':335, 'm':29885, 'atic':2454 ]
[1716829108] n_remain: 68
[1716829108] eval: [ 'atic':2454 ]
[1716829108] n_past = 54
[1716829108] 
Tokens consumed so far = 54 / 2048
[1716829108] last: [ '':0, '':0, '':0, '':0, '':0, '':0, '':0, '':0, '':0, '<s>':1, ' Write':14350, ' the':278, ' start':1369, ' to':304, ' the':278, ' next':2446, ' movie':14064, ' collaboration':24771, ' between':1546, ' Qu':751, 'entin':15440, ' Tar':11740, 'ant':424, 'ino':1789, ' and':322, ' Robert':4755, ' Rod':7733, 'rig':8966, 'uez':24448, '.':29889, '':13, '<|assistant|>':32001, ' Title':18527, ':':29901, ' "':376, 'The':1576, ' B':350, 'ount':792, 'y':29891, ' Hunter':25703, ''':29915, 's':29879, ' Code':5920, '"':29908, '':13, '':13, 'In':797, ' the':278, ' ne':452, 'on':265, '-':29899, 'so':578, 'aked':12535, ' city':4272, ' of':310, ' Los':4602, ' Angeles':10722, ',':29892, ' two':1023, ' en':427, 'ig':335, 'm':29885, 'atic':2454, ' figures':13994 ]
[1716829108] n_remain: 67
[1716829108] eval: [ ' figures':13994 ]
[1716829108] n_past = 55
[1716829108] 
Tokens consumed so far = 55 / 2048
[1716829108] last: [ '':0, '':0, '':0, '':0, '':0, '':0, '':0, '':0, '<s>':1, ' Write':14350, ' the':278, ' start':1369, ' to':304, ' the':278, ' next':2446, ' movie':14064, ' collaboration':24771, ' between':1546, ' Qu':751, 'entin':15440, ' Tar':11740, 'ant':424, 'ino':1789, ' and':322, ' Robert':4755, ' Rod':7733, 'rig':8966, 'uez':24448, '.':29889, '':13, '<|assistant|>':32001, ' Title':18527, ':':29901, ' "':376, 'The':1576, ' B':350, 'ount':792, 'y':29891, ' Hunter':25703, ''':29915, 's':29879, ' Code':5920, '"':29908, '':13, '':13, 'In':797, ' the':278, ' ne':452, 'on':265, '-':29899, 'so':578, 'aked':12535, ' city':4272, ' of':310, ' Los':4602, ' Angeles':10722, ',':29892, ' two':1023, ' en':427, 'ig':335, 'm':29885, 'atic':2454, ' figures':13994, ' find':1284 ]
[1716829108] n_remain: 66
[1716829108] eval: [ ' find':1284 ]
[1716829108] n_past = 56
[1716829108] 
Tokens consumed so far = 56 / 2048
[1716829108] last: [ '':0, '':0, '':0, '':0, '':0, '':0, '':0, '<s>':1, ' Write':14350, ' the':278, ' start':1369, ' to':304, ' the':278, ' next':2446, ' movie':14064, ' collaboration':24771, ' between':1546, ' Qu':751, 'entin':15440, ' Tar':11740, 'ant':424, 'ino':1789, ' and':322, ' Robert':4755, ' Rod':7733, 'rig':8966, 'uez':24448, '.':29889, '':13, '<|assistant|>':32001, ' Title':18527, ':':29901, ' "':376, 'The':1576, ' B':350, 'ount':792, 'y':29891, ' Hunter':25703, ''':29915, 's':29879, ' Code':5920, '"':29908, '':13, '':13, 'In':797, ' the':278, ' ne':452, 'on':265, '-':29899, 'so':578, 'aked':12535, ' city':4272, ' of':310, ' Los':4602, ' Angeles':10722, ',':29892, ' two':1023, ' en':427, 'ig':335, 'm':29885, 'atic':2454, ' figures':13994, ' find':1284, ' themselves':6053 ]
[1716829108] n_remain: 65
[1716829108] eval: [ ' themselves':6053 ]
[1716829108] n_past = 57
[1716829108] 
Tokens consumed so far = 57 / 2048
[1716829108] last: [ '':0, '':0, '':0, '':0, '':0, '':0, '<s>':1, ' Write':14350, ' the':278, ' start':1369, ' to':304, ' the':278, ' next':2446, ' movie':14064, ' collaboration':24771, ' between':1546, ' Qu':751, 'entin':15440, ' Tar':11740, 'ant':424, 'ino':1789, ' and':322, ' Robert':4755, ' Rod':7733, 'rig':8966, 'uez':24448, '.':29889, '':13, '<|assistant|>':32001, ' Title':18527, ':':29901, ' "':376, 'The':1576, ' B':350, 'ount':792, 'y':29891, ' Hunter':25703, ''':29915, 's':29879, ' Code':5920, '"':29908, '':13, '':13, 'In':797, ' the':278, ' ne':452, 'on':265, '-':29899, 'so':578, 'aked':12535, ' city':4272, ' of':310, ' Los':4602, ' Angeles':10722, ',':29892, ' two':1023, ' en':427, 'ig':335, 'm':29885, 'atic':2454, ' figures':13994, ' find':1284, ' themselves':6053, ' ent':875 ]
[1716829108] n_remain: 64
[1716829108] eval: [ ' ent':875 ]
[1716829108] n_past = 58
[1716829108] 
Tokens consumed so far = 58 / 2048
[1716829108] last: [ '':0, '':0, '':0, '':0, '':0, '<s>':1, ' Write':14350, ' the':278, ' start':1369, ' to':304, ' the':278, ' next':2446, ' movie':14064, ' collaboration':24771, ' between':1546, ' Qu':751, 'entin':15440, ' Tar':11740, 'ant':424, 'ino':1789, ' and':322, ' Robert':4755, ' Rod':7733, 'rig':8966, 'uez':24448, '.':29889, '':13, '<|assistant|>':32001, ' Title':18527, ':':29901, ' "':376, 'The':1576, ' B':350, 'ount':792, 'y':29891, ' Hunter':25703, ''':29915, 's':29879, ' Code':5920, '"':29908, '':13, '':13, 'In':797, ' the':278, ' ne':452, 'on':265, '-':29899, 'so':578, 'aked':12535, ' city':4272, ' of':310, ' Los':4602, ' Angeles':10722, ',':29892, ' two':1023, ' en':427, 'ig':335, 'm':29885, 'atic':2454, ' figures':13994, ' find':1284, ' themselves':6053, ' ent':875, 'ang':574 ]
[1716829108] n_remain: 63
[1716829108] eval: [ 'ang':574 ]
[1716829109] n_past = 59
[1716829109] 
Tokens consumed so far = 59 / 2048
[1716829109] last: [ '':0, '':0, '':0, '':0, '<s>':1, ' Write':14350, ' the':278, ' start':1369, ' to':304, ' the':278, ' next':2446, ' movie':14064, ' collaboration':24771, ' between':1546, ' Qu':751, 'entin':15440, ' Tar':11740, 'ant':424, 'ino':1789, ' and':322, ' Robert':4755, ' Rod':7733, 'rig':8966, 'uez':24448, '.':29889, '':13, '<|assistant|>':32001, ' Title':18527, ':':29901, ' "':376, 'The':1576, ' B':350, 'ount':792, 'y':29891, ' Hunter':25703, ''':29915, 's':29879, ' Code':5920, '"':29908, '':13, '':13, 'In':797, ' the':278, ' ne':452, 'on':265, '-':29899, 'so':578, 'aked':12535, ' city':4272, ' of':310, ' Los':4602, ' Angeles':10722, ',':29892, ' two':1023, ' en':427, 'ig':335, 'm':29885, 'atic':2454, ' figures':13994, ' find':1284, ' themselves':6053, ' ent':875, 'ang':574, 'led':839 ]
[1716829109] n_remain: 62
[1716829109] eval: [ 'led':839 ]
[1716829109] n_past = 60
[1716829109] 
Tokens consumed so far = 60 / 2048
[1716829109] last: [ '':0, '':0, '':0, '<s>':1, ' Write':14350, ' the':278, ' start':1369, ' to':304, ' the':278, ' next':2446, ' movie':14064, ' collaboration':24771, ' between':1546, ' Qu':751, 'entin':15440, ' Tar':11740, 'ant':424, 'ino':1789, ' and':322, ' Robert':4755, ' Rod':7733, 'rig':8966, 'uez':24448, '.':29889, '':13, '<|assistant|>':32001, ' Title':18527, ':':29901, ' "':376, 'The':1576, ' B':350, 'ount':792, 'y':29891, ' Hunter':25703, ''':29915, 's':29879, ' Code':5920, '"':29908, '':13, '':13, 'In':797, ' the':278, ' ne':452, 'on':265, '-':29899, 'so':578, 'aked':12535, ' city':4272, ' of':310, ' Los':4602, ' Angeles':10722, ',':29892, ' two':1023, ' en':427, 'ig':335, 'm':29885, 'atic':2454, ' figures':13994, ' find':1284, ' themselves':6053, ' ent':875, 'ang':574, 'led':839, ' in':297 ]
[1716829109] n_remain: 61
[1716829109] eval: [ ' in':297 ]
[1716829109] n_past = 61
[1716829109] 
Tokens consumed so far = 61 / 2048
[1716829109] last: [ '':0, '':0, '<s>':1, ' Write':14350, ' the':278, ' start':1369, ' to':304, ' the':278, ' next':2446, ' movie':14064, ' collaboration':24771, ' between':1546, ' Qu':751, 'entin':15440, ' Tar':11740, 'ant':424, 'ino':1789, ' and':322, ' Robert':4755, ' Rod':7733, 'rig':8966, 'uez':24448, '.':29889, '':13, '<|assistant|>':32001, ' Title':18527, ':':29901, ' "':376, 'The':1576, ' B':350, 'ount':792, 'y':29891, ' Hunter':25703, ''':29915, 's':29879, ' Code':5920, '"':29908, '':13, '':13, 'In':797, ' the':278, ' ne':452, 'on':265, '-':29899, 'so':578, 'aked':12535, ' city':4272, ' of':310, ' Los':4602, ' Angeles':10722, ',':29892, ' two':1023, ' en':427, 'ig':335, 'm':29885, 'atic':2454, ' figures':13994, ' find':1284, ' themselves':6053, ' ent':875, 'ang':574, 'led':839, ' in':297, ' a':263 ]
[1716829109] n_remain: 60
[1716829109] eval: [ ' a':263 ]
[1716829109] n_past = 62
[1716829109] 
Tokens consumed so far = 62 / 2048
[1716829109] last: [ '':0, '<s>':1, ' Write':14350, ' the':278, ' start':1369, ' to':304, ' the':278, ' next':2446, ' movie':14064, ' collaboration':24771, ' between':1546, ' Qu':751, 'entin':15440, ' Tar':11740, 'ant':424, 'ino':1789, ' and':322, ' Robert':4755, ' Rod':7733, 'rig':8966, 'uez':24448, '.':29889, '':13, '<|assistant|>':32001, ' Title':18527, ':':29901, ' "':376, 'The':1576, ' B':350, 'ount':792, 'y':29891, ' Hunter':25703, ''':29915, 's':29879, ' Code':5920, '"':29908, '':13, '':13, 'In':797, ' the':278, ' ne':452, 'on':265, '-':29899, 'so':578, 'aked':12535, ' city':4272, ' of':310, ' Los':4602, ' Angeles':10722, ',':29892, ' two':1023, ' en':427, 'ig':335, 'm':29885, 'atic':2454, ' figures':13994, ' find':1284, ' themselves':6053, ' ent':875, 'ang':574, 'led':839, ' in':297, ' a':263, ' web':1856 ]
[1716829109] n_remain: 59
[1716829109] eval: [ ' web':1856 ]
[1716829109] n_past = 63
[1716829109] 
Tokens consumed so far = 63 / 2048
[1716829109] last: [ '<s>':1, ' Write':14350, ' the':278, ' start':1369, ' to':304, ' the':278, ' next':2446, ' movie':14064, ' collaboration':24771, ' between':1546, ' Qu':751, 'entin':15440, ' Tar':11740, 'ant':424, 'ino':1789, ' and':322, ' Robert':4755, ' Rod':7733, 'rig':8966, 'uez':24448, '.':29889, '':13, '<|assistant|>':32001, ' Title':18527, ':':29901, ' "':376, 'The':1576, ' B':350, 'ount':792, 'y':29891, ' Hunter':25703, ''':29915, 's':29879, ' Code':5920, '"':29908, '':13, '':13, 'In':797, ' the':278, ' ne':452, 'on':265, '-':29899, 'so':578, 'aked':12535, ' city':4272, ' of':310, ' Los':4602, ' Angeles':10722, ',':29892, ' two':1023, ' en':427, 'ig':335, 'm':29885, 'atic':2454, ' figures':13994, ' find':1284, ' themselves':6053, ' ent':875, 'ang':574, 'led':839, ' in':297, ' a':263, ' web':1856, ' of':310 ]
[1716829109] n_remain: 58
[1716829109] eval: [ ' of':310 ]
[1716829109] n_past = 64
[1716829109] 
Tokens consumed so far = 64 / 2048
[1716829109] last: [ ' Write':14350, ' the':278, ' start':1369, ' to':304, ' the':278, ' next':2446, ' movie':14064, ' collaboration':24771, ' between':1546, ' Qu':751, 'entin':15440, ' Tar':11740, 'ant':424, 'ino':1789, ' and':322, ' Robert':4755, ' Rod':7733, 'rig':8966, 'uez':24448, '.':29889, '':13, '<|assistant|>':32001, ' Title':18527, ':':29901, ' "':376, 'The':1576, ' B':350, 'ount':792, 'y':29891, ' Hunter':25703, ''':29915, 's':29879, ' Code':5920, '"':29908, '':13, '':13, 'In':797, ' the':278, ' ne':452, 'on':265, '-':29899, 'so':578, 'aked':12535, ' city':4272, ' of':310, ' Los':4602, ' Angeles':10722, ',':29892, ' two':1023, ' en':427, 'ig':335, 'm':29885, 'atic':2454, ' figures':13994, ' find':1284, ' themselves':6053, ' ent':875, 'ang':574, 'led':839, ' in':297, ' a':263, ' web':1856, ' of':310, ' crime':17268 ]
[1716829109] n_remain: 57
[1716829109] eval: [ ' crime':17268 ]
[1716829109] n_past = 65
[1716829109] 
Tokens consumed so far = 65 / 2048
[1716829109] last: [ ' the':278, ' start':1369, ' to':304, ' the':278, ' next':2446, ' movie':14064, ' collaboration':24771, ' between':1546, ' Qu':751, 'entin':15440, ' Tar':11740, 'ant':424, 'ino':1789, ' and':322, ' Robert':4755, ' Rod':7733, 'rig':8966, 'uez':24448, '.':29889, '':13, '<|assistant|>':32001, ' Title':18527, ':':29901, ' "':376, 'The':1576, ' B':350, 'ount':792, 'y':29891, ' Hunter':25703, ''':29915, 's':29879, ' Code':5920, '"':29908, '':13, '':13, 'In':797, ' the':278, ' ne':452, 'on':265, '-':29899, 'so':578, 'aked':12535, ' city':4272, ' of':310, ' Los':4602, ' Angeles':10722, ',':29892, ' two':1023, ' en':427, 'ig':335, 'm':29885, 'atic':2454, ' figures':13994, ' find':1284, ' themselves':6053, ' ent':875, 'ang':574, 'led':839, ' in':297, ' a':263, ' web':1856, ' of':310, ' crime':17268, ',':29892 ]
[1716829109] n_remain: 56
[1716829109] eval: [ ',':29892 ]
[1716829109] n_past = 66
[1716829109] 
Tokens consumed so far = 66 / 2048
[1716829109] last: [ ' start':1369, ' to':304, ' the':278, ' next':2446, ' movie':14064, ' collaboration':24771, ' between':1546, ' Qu':751, 'entin':15440, ' Tar':11740, 'ant':424, 'ino':1789, ' and':322, ' Robert':4755, ' Rod':7733, 'rig':8966, 'uez':24448, '.':29889, '':13, '<|assistant|>':32001, ' Title':18527, ':':29901, ' "':376, 'The':1576, ' B':350, 'ount':792, 'y':29891, ' Hunter':25703, ''':29915, 's':29879, ' Code':5920, '"':29908, '':13, '':13, 'In':797, ' the':278, ' ne':452, 'on':265, '-':29899, 'so':578, 'aked':12535, ' city':4272, ' of':310, ' Los':4602, ' Angeles':10722, ',':29892, ' two':1023, ' en':427, 'ig':335, 'm':29885, 'atic':2454, ' figures':13994, ' find':1284, ' themselves':6053, ' ent':875, 'ang':574, 'led':839, ' in':297, ' a':263, ' web':1856, ' of':310, ' crime':17268, ',':29892, ' passion':15935 ]
[1716829109] n_remain: 55
[1716829109] eval: [ ' passion':15935 ]
[1716829109] n_past = 67
[1716829109] 
Tokens consumed so far = 67 / 2048
[1716829109] last: [ ' to':304, ' the':278, ' next':2446, ' movie':14064, ' collaboration':24771, ' between':1546, ' Qu':751, 'entin':15440, ' Tar':11740, 'ant':424, 'ino':1789, ' and':322, ' Robert':4755, ' Rod':7733, 'rig':8966, 'uez':24448, '.':29889, '':13, '<|assistant|>':32001, ' Title':18527, ':':29901, ' "':376, 'The':1576, ' B':350, 'ount':792, 'y':29891, ' Hunter':25703, ''':29915, 's':29879, ' Code':5920, '"':29908, '':13, '':13, 'In':797, ' the':278, ' ne':452, 'on':265, '-':29899, 'so':578, 'aked':12535, ' city':4272, ' of':310, ' Los':4602, ' Angeles':10722, ',':29892, ' two':1023, ' en':427, 'ig':335, 'm':29885, 'atic':2454, ' figures':13994, ' find':1284, ' themselves':6053, ' ent':875, 'ang':574, 'led':839, ' in':297, ' a':263, ' web':1856, ' of':310, ' crime':17268, ',':29892, ' passion':15935, ',':29892 ]
[1716829109] n_remain: 54
[1716829109] eval: [ ',':29892 ]
[1716829109] n_past = 68
[1716829109] 
Tokens consumed so far = 68 / 2048
[1716829109] last: [ ' the':278, ' next':2446, ' movie':14064, ' collaboration':24771, ' between':1546, ' Qu':751, 'entin':15440, ' Tar':11740, 'ant':424, 'ino':1789, ' and':322, ' Robert':4755, ' Rod':7733, 'rig':8966, 'uez':24448, '.':29889, '':13, '<|assistant|>':32001, ' Title':18527, ':':29901, ' "':376, 'The':1576, ' B':350, 'ount':792, 'y':29891, ' Hunter':25703, ''':29915, 's':29879, ' Code':5920, '"':29908, '':13, '':13, 'In':797, ' the':278, ' ne':452, 'on':265, '-':29899, 'so':578, 'aked':12535, ' city':4272, ' of':310, ' Los':4602, ' Angeles':10722, ',':29892, ' two':1023, ' en':427, 'ig':335, 'm':29885, 'atic':2454, ' figures':13994, ' find':1284, ' themselves':6053, ' ent':875, 'ang':574, 'led':839, ' in':297, ' a':263, ' web':1856, ' of':310, ' crime':17268, ',':29892, ' passion':15935, ',':29892, ' and':322 ]
[1716829109] n_remain: 53
[1716829109] eval: [ ' and':322 ]
[1716829109] n_past = 69
[1716829109] 
Tokens consumed so far = 69 / 2048
[1716829109] last: [ ' next':2446, ' movie':14064, ' collaboration':24771, ' between':1546, ' Qu':751, 'entin':15440, ' Tar':11740, 'ant':424, 'ino':1789, ' and':322, ' Robert':4755, ' Rod':7733, 'rig':8966, 'uez':24448, '.':29889, '':13, '<|assistant|>':32001, ' Title':18527, ':':29901, ' "':376, 'The':1576, ' B':350, 'ount':792, 'y':29891, ' Hunter':25703, ''':29915, 's':29879, ' Code':5920, '"':29908, '':13, '':13, 'In':797, ' the':278, ' ne':452, 'on':265, '-':29899, 'so':578, 'aked':12535, ' city':4272, ' of':310, ' Los':4602, ' Angeles':10722, ',':29892, ' two':1023, ' en':427, 'ig':335, 'm':29885, 'atic':2454, ' figures':13994, ' find':1284, ' themselves':6053, ' ent':875, 'ang':574, 'led':839, ' in':297, ' a':263, ' web':1856, ' of':310, ' crime':17268, ',':29892, ' passion':15935, ',':29892, ' and':322, ' re':337 ]
[1716829109] n_remain: 52
[1716829109] eval: [ ' re':337 ]
[1716829109] n_past = 70
[1716829109] 
Tokens consumed so far = 70 / 2048
[1716829109] last: [ ' movie':14064, ' collaboration':24771, ' between':1546, ' Qu':751, 'entin':15440, ' Tar':11740, 'ant':424, 'ino':1789, ' and':322, ' Robert':4755, ' Rod':7733, 'rig':8966, 'uez':24448, '.':29889, '':13, '<|assistant|>':32001, ' Title':18527, ':':29901, ' "':376, 'The':1576, ' B':350, 'ount':792, 'y':29891, ' Hunter':25703, ''':29915, 's':29879, ' Code':5920, '"':29908, '':13, '':13, 'In':797, ' the':278, ' ne':452, 'on':265, '-':29899, 'so':578, 'aked':12535, ' city':4272, ' of':310, ' Los':4602, ' Angeles':10722, ',':29892, ' two':1023, ' en':427, 'ig':335, 'm':29885, 'atic':2454, ' figures':13994, ' find':1284, ' themselves':6053, ' ent':875, 'ang':574, 'led':839, ' in':297, ' a':263, ' web':1856, ' of':310, ' crime':17268, ',':29892, ' passion':15935, ',':29892, ' and':322, ' re':337, 'dem':2310 ]
[1716829109] n_remain: 51
[1716829109] eval: [ 'dem':2310 ]
[1716829109] n_past = 71
[1716829109] 
Tokens consumed so far = 71 / 2048
[1716829109] last: [ ' collaboration':24771, ' between':1546, ' Qu':751, 'entin':15440, ' Tar':11740, 'ant':424, 'ino':1789, ' and':322, ' Robert':4755, ' Rod':7733, 'rig':8966, 'uez':24448, '.':29889, '':13, '<|assistant|>':32001, ' Title':18527, ':':29901, ' "':376, 'The':1576, ' B':350, 'ount':792, 'y':29891, ' Hunter':25703, ''':29915, 's':29879, ' Code':5920, '"':29908, '':13, '':13, 'In':797, ' the':278, ' ne':452, 'on':265, '-':29899, 'so':578, 'aked':12535, ' city':4272, ' of':310, ' Los':4602, ' Angeles':10722, ',':29892, ' two':1023, ' en':427, 'ig':335, 'm':29885, 'atic':2454, ' figures':13994, ' find':1284, ' themselves':6053, ' ent':875, 'ang':574, 'led':839, ' in':297, ' a':263, ' web':1856, ' of':310, ' crime':17268, ',':29892, ' passion':15935, ',':29892, ' and':322, ' re':337, 'dem':2310, 'ption':683 ]
[1716829109] n_remain: 50
[1716829109] eval: [ 'ption':683 ]
[1716829109] n_past = 72
[1716829109] 
Tokens consumed so far = 72 / 2048
[1716829109] last: [ ' between':1546, ' Qu':751, 'entin':15440, ' Tar':11740, 'ant':424, 'ino':1789, ' and':322, ' Robert':4755, ' Rod':7733, 'rig':8966, 'uez':24448, '.':29889, '':13, '<|assistant|>':32001, ' Title':18527, ':':29901, ' "':376, 'The':1576, ' B':350, 'ount':792, 'y':29891, ' Hunter':25703, ''':29915, 's':29879, ' Code':5920, '"':29908, '':13, '':13, 'In':797, ' the':278, ' ne':452, 'on':265, '-':29899, 'so':578, 'aked':12535, ' city':4272, ' of':310, ' Los':4602, ' Angeles':10722, ',':29892, ' two':1023, ' en':427, 'ig':335, 'm':29885, 'atic':2454, ' figures':13994, ' find':1284, ' themselves':6053, ' ent':875, 'ang':574, 'led':839, ' in':297, ' a':263, ' web':1856, ' of':310, ' crime':17268, ',':29892, ' passion':15935, ',':29892, ' and':322, ' re':337, 'dem':2310, 'ption':683, ' -':448 ]
[1716829109] n_remain: 49
[1716829109] eval: [ ' -':448 ]
[1716829109] n_past = 73
[1716829109] 
Tokens consumed so far = 73 / 2048
[1716829109] last: [ ' Qu':751, 'entin':15440, ' Tar':11740, 'ant':424, 'ino':1789, ' and':322, ' Robert':4755, ' Rod':7733, 'rig':8966, 'uez':24448, '.':29889, '':13, '<|assistant|>':32001, ' Title':18527, ':':29901, ' "':376, 'The':1576, ' B':350, 'ount':792, 'y':29891, ' Hunter':25703, ''':29915, 's':29879, ' Code':5920, '"':29908, '':13, '':13, 'In':797, ' the':278, ' ne':452, 'on':265, '-':29899, 'so':578, 'aked':12535, ' city':4272, ' of':310, ' Los':4602, ' Angeles':10722, ',':29892, ' two':1023, ' en':427, 'ig':335, 'm':29885, 'atic':2454, ' figures':13994, ' find':1284, ' themselves':6053, ' ent':875, 'ang':574, 'led':839, ' in':297, ' a':263, ' web':1856, ' of':310, ' crime':17268, ',':29892, ' passion':15935, ',':29892, ' and':322, ' re':337, 'dem':2310, 'ption':683, ' -':448, ' former':4642 ]
[1716829109] n_remain: 48
[1716829109] eval: [ ' former':4642 ]
[1716829109] n_past = 74
[1716829109] 
Tokens consumed so far = 74 / 2048
[1716829109] last: [ 'entin':15440, ' Tar':11740, 'ant':424, 'ino':1789, ' and':322, ' Robert':4755, ' Rod':7733, 'rig':8966, 'uez':24448, '.':29889, '':13, '<|assistant|>':32001, ' Title':18527, ':':29901, ' "':376, 'The':1576, ' B':350, 'ount':792, 'y':29891, ' Hunter':25703, ''':29915, 's':29879, ' Code':5920, '"':29908, '':13, '':13, 'In':797, ' the':278, ' ne':452, 'on':265, '-':29899, 'so':578, 'aked':12535, ' city':4272, ' of':310, ' Los':4602, ' Angeles':10722, ',':29892, ' two':1023, ' en':427, 'ig':335, 'm':29885, 'atic':2454, ' figures':13994, ' find':1284, ' themselves':6053, ' ent':875, 'ang':574, 'led':839, ' in':297, ' a':263, ' web':1856, ' of':310, ' crime':17268, ',':29892, ' passion':15935, ',':29892, ' and':322, ' re':337, 'dem':2310, 'ption':683, ' -':448, ' former':4642, ' L':365 ]
[1716829109] n_remain: 47
[1716829109] eval: [ ' L':365 ]
[1716829109] n_past = 75
[1716829109] 
Tokens consumed so far = 75 / 2048
[1716829109] last: [ ' Tar':11740, 'ant':424, 'ino':1789, ' and':322, ' Robert':4755, ' Rod':7733, 'rig':8966, 'uez':24448, '.':29889, '':13, '<|assistant|>':32001, ' Title':18527, ':':29901, ' "':376, 'The':1576, ' B':350, 'ount':792, 'y':29891, ' Hunter':25703, ''':29915, 's':29879, ' Code':5920, '"':29908, '':13, '':13, 'In':797, ' the':278, ' ne':452, 'on':265, '-':29899, 'so':578, 'aked':12535, ' city':4272, ' of':310, ' Los':4602, ' Angeles':10722, ',':29892, ' two':1023, ' en':427, 'ig':335, 'm':29885, 'atic':2454, ' figures':13994, ' find':1284, ' themselves':6053, ' ent':875, 'ang':574, 'led':839, ' in':297, ' a':263, ' web':1856, ' of':310, ' crime':17268, ',':29892, ' passion':15935, ',':29892, ' and':322, ' re':337, 'dem':2310, 'ption':683, ' -':448, ' former':4642, ' L':365, 'AP':3301 ]
[1716829109] n_remain: 46
[1716829109] eval: [ 'AP':3301 ]
[1716829109] n_past = 76
[1716829109] 
Tokens consumed so far = 76 / 2048
[1716829109] last: [ 'ant':424, 'ino':1789, ' and':322, ' Robert':4755, ' Rod':7733, 'rig':8966, 'uez':24448, '.':29889, '':13, '<|assistant|>':32001, ' Title':18527, ':':29901, ' "':376, 'The':1576, ' B':350, 'ount':792, 'y':29891, ' Hunter':25703, ''':29915, 's':29879, ' Code':5920, '"':29908, '':13, '':13, 'In':797, ' the':278, ' ne':452, 'on':265, '-':29899, 'so':578, 'aked':12535, ' city':4272, ' of':310, ' Los':4602, ' Angeles':10722, ',':29892, ' two':1023, ' en':427, 'ig':335, 'm':29885, 'atic':2454, ' figures':13994, ' find':1284, ' themselves':6053, ' ent':875, 'ang':574, 'led':839, ' in':297, ' a':263, ' web':1856, ' of':310, ' crime':17268, ',':29892, ' passion':15935, ',':29892, ' and':322, ' re':337, 'dem':2310, 'ption':683, ' -':448, ' former':4642, ' L':365, 'AP':3301, 'D':29928 ]
[1716829109] n_remain: 45
[1716829109] eval: [ 'D':29928 ]
[1716829109] n_past = 77
[1716829109] 
Tokens consumed so far = 77 / 2048
[1716829109] last: [ 'ino':1789, ' and':322, ' Robert':4755, ' Rod':7733, 'rig':8966, 'uez':24448, '.':29889, '':13, '<|assistant|>':32001, ' Title':18527, ':':29901, ' "':376, 'The':1576, ' B':350, 'ount':792, 'y':29891, ' Hunter':25703, ''':29915, 's':29879, ' Code':5920, '"':29908, '':13, '':13, 'In':797, ' the':278, ' ne':452, 'on':265, '-':29899, 'so':578, 'aked':12535, ' city':4272, ' of':310, ' Los':4602, ' Angeles':10722, ',':29892, ' two':1023, ' en':427, 'ig':335, 'm':29885, 'atic':2454, ' figures':13994, ' find':1284, ' themselves':6053, ' ent':875, 'ang':574, 'led':839, ' in':297, ' a':263, ' web':1856, ' of':310, ' crime':17268, ',':29892, ' passion':15935, ',':29892, ' and':322, ' re':337, 'dem':2310, 'ption':683, ' -':448, ' former':4642, ' L':365, 'AP':3301, 'D':29928, ' officer':12139 ]
[1716829109] n_remain: 44
[1716829109] eval: [ ' officer':12139 ]
[1716829109] n_past = 78
[1716829109] 
Tokens consumed so far = 78 / 2048
[1716829109] last: [ ' and':322, ' Robert':4755, ' Rod':7733, 'rig':8966, 'uez':24448, '.':29889, '':13, '<|assistant|>':32001, ' Title':18527, ':':29901, ' "':376, 'The':1576, ' B':350, 'ount':792, 'y':29891, ' Hunter':25703, ''':29915, 's':29879, ' Code':5920, '"':29908, '':13, '':13, 'In':797, ' the':278, ' ne':452, 'on':265, '-':29899, 'so':578, 'aked':12535, ' city':4272, ' of':310, ' Los':4602, ' Angeles':10722, ',':29892, ' two':1023, ' en':427, 'ig':335, 'm':29885, 'atic':2454, ' figures':13994, ' find':1284, ' themselves':6053, ' ent':875, 'ang':574, 'led':839, ' in':297, ' a':263, ' web':1856, ' of':310, ' crime':17268, ',':29892, ' passion':15935, ',':29892, ' and':322, ' re':337, 'dem':2310, 'ption':683, ' -':448, ' former':4642, ' L':365, 'AP':3301, 'D':29928, ' officer':12139, ' Jack':5457 ]
[1716829109] n_remain: 43
[1716829109] eval: [ ' Jack':5457 ]
[1716829109] n_past = 79
[1716829109] 
Tokens consumed so far = 79 / 2048
[1716829109] last: [ ' Robert':4755, ' Rod':7733, 'rig':8966, 'uez':24448, '.':29889, '':13, '<|assistant|>':32001, ' Title':18527, ':':29901, ' "':376, 'The':1576, ' B':350, 'ount':792, 'y':29891, ' Hunter':25703, ''':29915, 's':29879, ' Code':5920, '"':29908, '':13, '':13, 'In':797, ' the':278, ' ne':452, 'on':265, '-':29899, 'so':578, 'aked':12535, ' city':4272, ' of':310, ' Los':4602, ' Angeles':10722, ',':29892, ' two':1023, ' en':427, 'ig':335, 'm':29885, 'atic':2454, ' figures':13994, ' find':1284, ' themselves':6053, ' ent':875, 'ang':574, 'led':839, ' in':297, ' a':263, ' web':1856, ' of':310, ' crime':17268, ',':29892, ' passion':15935, ',':29892, ' and':322, ' re':337, 'dem':2310, 'ption':683, ' -':448, ' former':4642, ' L':365, 'AP':3301, 'D':29928, ' officer':12139, ' Jack':5457, ' Ram':8292 ]
[1716829109] n_remain: 42
[1716829109] eval: [ ' Ram':8292 ]
[1716829110] n_past = 80
[1716829110] 
Tokens consumed so far = 80 / 2048
[1716829110] last: [ ' Rod':7733, 'rig':8966, 'uez':24448, '.':29889, '':13, '<|assistant|>':32001, ' Title':18527, ':':29901, ' "':376, 'The':1576, ' B':350, 'ount':792, 'y':29891, ' Hunter':25703, ''':29915, 's':29879, ' Code':5920, '"':29908, '':13, '':13, 'In':797, ' the':278, ' ne':452, 'on':265, '-':29899, 'so':578, 'aked':12535, ' city':4272, ' of':310, ' Los':4602, ' Angeles':10722, ',':29892, ' two':1023, ' en':427, 'ig':335, 'm':29885, 'atic':2454, ' figures':13994, ' find':1284, ' themselves':6053, ' ent':875, 'ang':574, 'led':839, ' in':297, ' a':263, ' web':1856, ' of':310, ' crime':17268, ',':29892, ' passion':15935, ',':29892, ' and':322, ' re':337, 'dem':2310, 'ption':683, ' -':448, ' former':4642, ' L':365, 'AP':3301, 'D':29928, ' officer':12139, ' Jack':5457, ' Ram':8292, 'ire':533 ]
[1716829110] n_remain: 41
[1716829110] eval: [ 'ire':533 ]
[1716829110] n_past = 81
[1716829110] 
Tokens consumed so far = 81 / 2048
[1716829110] last: [ 'rig':8966, 'uez':24448, '.':29889, '':13, '<|assistant|>':32001, ' Title':18527, ':':29901, ' "':376, 'The':1576, ' B':350, 'ount':792, 'y':29891, ' Hunter':25703, ''':29915, 's':29879, ' Code':5920, '"':29908, '':13, '':13, 'In':797, ' the':278, ' ne':452, 'on':265, '-':29899, 'so':578, 'aked':12535, ' city':4272, ' of':310, ' Los':4602, ' Angeles':10722, ',':29892, ' two':1023, ' en':427, 'ig':335, 'm':29885, 'atic':2454, ' figures':13994, ' find':1284, ' themselves':6053, ' ent':875, 'ang':574, 'led':839, ' in':297, ' a':263, ' web':1856, ' of':310, ' crime':17268, ',':29892, ' passion':15935, ',':29892, ' and':322, ' re':337, 'dem':2310, 'ption':683, ' -':448, ' former':4642, ' L':365, 'AP':3301, 'D':29928, ' officer':12139, ' Jack':5457, ' Ram':8292, 'ire':533, 'z':29920 ]
[1716829110] n_remain: 40
[1716829110] eval: [ 'z':29920 ]
[1716829110] n_past = 82
[1716829110] 
Tokens consumed so far = 82 / 2048
[1716829110] last: [ 'uez':24448, '.':29889, '':13, '<|assistant|>':32001, ' Title':18527, ':':29901, ' "':376, 'The':1576, ' B':350, 'ount':792, 'y':29891, ' Hunter':25703, ''':29915, 's':29879, ' Code':5920, '"':29908, '':13, '':13, 'In':797, ' the':278, ' ne':452, 'on':265, '-':29899, 'so':578, 'aked':12535, ' city':4272, ' of':310, ' Los':4602, ' Angeles':10722, ',':29892, ' two':1023, ' en':427, 'ig':335, 'm':29885, 'atic':2454, ' figures':13994, ' find':1284, ' themselves':6053, ' ent':875, 'ang':574, 'led':839, ' in':297, ' a':263, ' web':1856, ' of':310, ' crime':17268, ',':29892, ' passion':15935, ',':29892, ' and':322, ' re':337, 'dem':2310, 'ption':683, ' -':448, ' former':4642, ' L':365, 'AP':3301, 'D':29928, ' officer':12139, ' Jack':5457, ' Ram':8292, 'ire':533, 'z':29920, ' (':313 ]
[1716829110] n_remain: 39
[1716829110] eval: [ ' (':313 ]
[1716829110] n_past = 83
[1716829110] 
Tokens consumed so far = 83 / 2048
[1716829110] last: [ '.':29889, '':13, '<|assistant|>':32001, ' Title':18527, ':':29901, ' "':376, 'The':1576, ' B':350, 'ount':792, 'y':29891, ' Hunter':25703, ''':29915, 's':29879, ' Code':5920, '"':29908, '':13, '':13, 'In':797, ' the':278, ' ne':452, 'on':265, '-':29899, 'so':578, 'aked':12535, ' city':4272, ' of':310, ' Los':4602, ' Angeles':10722, ',':29892, ' two':1023, ' en':427, 'ig':335, 'm':29885, 'atic':2454, ' figures':13994, ' find':1284, ' themselves':6053, ' ent':875, 'ang':574, 'led':839, ' in':297, ' a':263, ' web':1856, ' of':310, ' crime':17268, ',':29892, ' passion':15935, ',':29892, ' and':322, ' re':337, 'dem':2310, 'ption':683, ' -':448, ' former':4642, ' L':365, 'AP':3301, 'D':29928, ' officer':12139, ' Jack':5457, ' Ram':8292, 'ire':533, 'z':29920, ' (':313, 'play':1456 ]
[1716829110] n_remain: 38
[1716829110] eval: [ 'play':1456 ]
[1716829110] n_past = 84
[1716829110] 
Tokens consumed so far = 84 / 2048
[1716829110] last: [ '':13, '<|assistant|>':32001, ' Title':18527, ':':29901, ' "':376, 'The':1576, ' B':350, 'ount':792, 'y':29891, ' Hunter':25703, ''':29915, 's':29879, ' Code':5920, '"':29908, '':13, '':13, 'In':797, ' the':278, ' ne':452, 'on':265, '-':29899, 'so':578, 'aked':12535, ' city':4272, ' of':310, ' Los':4602, ' Angeles':10722, ',':29892, ' two':1023, ' en':427, 'ig':335, 'm':29885, 'atic':2454, ' figures':13994, ' find':1284, ' themselves':6053, ' ent':875, 'ang':574, 'led':839, ' in':297, ' a':263, ' web':1856, ' of':310, ' crime':17268, ',':29892, ' passion':15935, ',':29892, ' and':322, ' re':337, 'dem':2310, 'ption':683, ' -':448, ' former':4642, ' L':365, 'AP':3301, 'D':29928, ' officer':12139, ' Jack':5457, ' Ram':8292, 'ire':533, 'z':29920, ' (':313, 'play':1456, 'ed':287 ]
[1716829110] n_remain: 37
[1716829110] eval: [ 'ed':287 ]
[1716829110] n_past = 85
[1716829110] 
Tokens consumed so far = 85 / 2048
[1716829110] last: [ '<|assistant|>':32001, ' Title':18527, ':':29901, ' "':376, 'The':1576, ' B':350, 'ount':792, 'y':29891, ' Hunter':25703, ''':29915, 's':29879, ' Code':5920, '"':29908, '':13, '':13, 'In':797, ' the':278, ' ne':452, 'on':265, '-':29899, 'so':578, 'aked':12535, ' city':4272, ' of':310, ' Los':4602, ' Angeles':10722, ',':29892, ' two':1023, ' en':427, 'ig':335, 'm':29885, 'atic':2454, ' figures':13994, ' find':1284, ' themselves':6053, ' ent':875, 'ang':574, 'led':839, ' in':297, ' a':263, ' web':1856, ' of':310, ' crime':17268, ',':29892, ' passion':15935, ',':29892, ' and':322, ' re':337, 'dem':2310, 'ption':683, ' -':448, ' former':4642, ' L':365, 'AP':3301, 'D':29928, ' officer':12139, ' Jack':5457, ' Ram':8292, 'ire':533, 'z':29920, ' (':313, 'play':1456, 'ed':287, ' by':491 ]
[1716829110] n_remain: 36
[1716829110] eval: [ ' by':491 ]
[1716829110] n_past = 86
[1716829110] 
Tokens consumed so far = 86 / 2048
[1716829110] last: [ ' Title':18527, ':':29901, ' "':376, 'The':1576, ' B':350, 'ount':792, 'y':29891, ' Hunter':25703, ''':29915, 's':29879, ' Code':5920, '"':29908, '':13, '':13, 'In':797, ' the':278, ' ne':452, 'on':265, '-':29899, 'so':578, 'aked':12535, ' city':4272, ' of':310, ' Los':4602, ' Angeles':10722, ',':29892, ' two':1023, ' en':427, 'ig':335, 'm':29885, 'atic':2454, ' figures':13994, ' find':1284, ' themselves':6053, ' ent':875, 'ang':574, 'led':839, ' in':297, ' a':263, ' web':1856, ' of':310, ' crime':17268, ',':29892, ' passion':15935, ',':29892, ' and':322, ' re':337, 'dem':2310, 'ption':683, ' -':448, ' former':4642, ' L':365, 'AP':3301, 'D':29928, ' officer':12139, ' Jack':5457, ' Ram':8292, 'ire':533, 'z':29920, ' (':313, 'play':1456, 'ed':287, ' by':491, ' none':5642 ]
[1716829110] n_remain: 35
[1716829110] eval: [ ' none':5642 ]
[1716829110] n_past = 87
[1716829110] 
Tokens consumed so far = 87 / 2048
[1716829110] last: [ ':':29901, ' "':376, 'The':1576, ' B':350, 'ount':792, 'y':29891, ' Hunter':25703, ''':29915, 's':29879, ' Code':5920, '"':29908, '':13, '':13, 'In':797, ' the':278, ' ne':452, 'on':265, '-':29899, 'so':578, 'aked':12535, ' city':4272, ' of':310, ' Los':4602, ' Angeles':10722, ',':29892, ' two':1023, ' en':427, 'ig':335, 'm':29885, 'atic':2454, ' figures':13994, ' find':1284, ' themselves':6053, ' ent':875, 'ang':574, 'led':839, ' in':297, ' a':263, ' web':1856, ' of':310, ' crime':17268, ',':29892, ' passion':15935, ',':29892, ' and':322, ' re':337, 'dem':2310, 'ption':683, ' -':448, ' former':4642, ' L':365, 'AP':3301, 'D':29928, ' officer':12139, ' Jack':5457, ' Ram':8292, 'ire':533, 'z':29920, ' (':313, 'play':1456, 'ed':287, ' by':491, ' none':5642, ' other':916 ]
[1716829110] n_remain: 34
[1716829110] eval: [ ' other':916 ]
[1716829110] n_past = 88
[1716829110] 
Tokens consumed so far = 88 / 2048
[1716829110] last: [ ' "':376, 'The':1576, ' B':350, 'ount':792, 'y':29891, ' Hunter':25703, ''':29915, 's':29879, ' Code':5920, '"':29908, '':13, '':13, 'In':797, ' the':278, ' ne':452, 'on':265, '-':29899, 'so':578, 'aked':12535, ' city':4272, ' of':310, ' Los':4602, ' Angeles':10722, ',':29892, ' two':1023, ' en':427, 'ig':335, 'm':29885, 'atic':2454, ' figures':13994, ' find':1284, ' themselves':6053, ' ent':875, 'ang':574, 'led':839, ' in':297, ' a':263, ' web':1856, ' of':310, ' crime':17268, ',':29892, ' passion':15935, ',':29892, ' and':322, ' re':337, 'dem':2310, 'ption':683, ' -':448, ' former':4642, ' L':365, 'AP':3301, 'D':29928, ' officer':12139, ' Jack':5457, ' Ram':8292, 'ire':533, 'z':29920, ' (':313, 'play':1456, 'ed':287, ' by':491, ' none':5642, ' other':916, ' than':1135 ]
[1716829110] n_remain: 33
[1716829110] eval: [ ' than':1135 ]
[1716829110] n_past = 89
[1716829110] 
Tokens consumed so far = 89 / 2048
[1716829110] last: [ 'The':1576, ' B':350, 'ount':792, 'y':29891, ' Hunter':25703, ''':29915, 's':29879, ' Code':5920, '"':29908, '':13, '':13, 'In':797, ' the':278, ' ne':452, 'on':265, '-':29899, 'so':578, 'aked':12535, ' city':4272, ' of':310, ' Los':4602, ' Angeles':10722, ',':29892, ' two':1023, ' en':427, 'ig':335, 'm':29885, 'atic':2454, ' figures':13994, ' find':1284, ' themselves':6053, ' ent':875, 'ang':574, 'led':839, ' in':297, ' a':263, ' web':1856, ' of':310, ' crime':17268, ',':29892, ' passion':15935, ',':29892, ' and':322, ' re':337, 'dem':2310, 'ption':683, ' -':448, ' former':4642, ' L':365, 'AP':3301, 'D':29928, ' officer':12139, ' Jack':5457, ' Ram':8292, 'ire':533, 'z':29920, ' (':313, 'play':1456, 'ed':287, ' by':491, ' none':5642, ' other':916, ' than':1135, ' Robert':4755 ]
[1716829110] n_remain: 32
[1716829110] eval: [ ' Robert':4755 ]
[1716829110] n_past = 90
[1716829110] 
Tokens consumed so far = 90 / 2048
[1716829110] last: [ ' B':350, 'ount':792, 'y':29891, ' Hunter':25703, ''':29915, 's':29879, ' Code':5920, '"':29908, '':13, '':13, 'In':797, ' the':278, ' ne':452, 'on':265, '-':29899, 'so':578, 'aked':12535, ' city':4272, ' of':310, ' Los':4602, ' Angeles':10722, ',':29892, ' two':1023, ' en':427, 'ig':335, 'm':29885, 'atic':2454, ' figures':13994, ' find':1284, ' themselves':6053, ' ent':875, 'ang':574, 'led':839, ' in':297, ' a':263, ' web':1856, ' of':310, ' crime':17268, ',':29892, ' passion':15935, ',':29892, ' and':322, ' re':337, 'dem':2310, 'ption':683, ' -':448, ' former':4642, ' L':365, 'AP':3301, 'D':29928, ' officer':12139, ' Jack':5457, ' Ram':8292, 'ire':533, 'z':29920, ' (':313, 'play':1456, 'ed':287, ' by':491, ' none':5642, ' other':916, ' than':1135, ' Robert':4755, ' Rod':7733 ]
[1716829110] n_remain: 31
[1716829110] eval: [ ' Rod':7733 ]
[1716829110] n_past = 91
[1716829110] 
Tokens consumed so far = 91 / 2048
[1716829110] last: [ 'ount':792, 'y':29891, ' Hunter':25703, ''':29915, 's':29879, ' Code':5920, '"':29908, '':13, '':13, 'In':797, ' the':278, ' ne':452, 'on':265, '-':29899, 'so':578, 'aked':12535, ' city':4272, ' of':310, ' Los':4602, ' Angeles':10722, ',':29892, ' two':1023, ' en':427, 'ig':335, 'm':29885, 'atic':2454, ' figures':13994, ' find':1284, ' themselves':6053, ' ent':875, 'ang':574, 'led':839, ' in':297, ' a':263, ' web':1856, ' of':310, ' crime':17268, ',':29892, ' passion':15935, ',':29892, ' and':322, ' re':337, 'dem':2310, 'ption':683, ' -':448, ' former':4642, ' L':365, 'AP':3301, 'D':29928, ' officer':12139, ' Jack':5457, ' Ram':8292, 'ire':533, 'z':29920, ' (':313, 'play':1456, 'ed':287, ' by':491, ' none':5642, ' other':916, ' than':1135, ' Robert':4755, ' Rod':7733, 'rig':8966 ]
[1716829110] n_remain: 30
[1716829110] eval: [ 'rig':8966 ]
[1716829110] n_past = 92
[1716829110] 
Tokens consumed so far = 92 / 2048
[1716829110] last: [ 'y':29891, ' Hunter':25703, ''':29915, 's':29879, ' Code':5920, '"':29908, '':13, '':13, 'In':797, ' the':278, ' ne':452, 'on':265, '-':29899, 'so':578, 'aked':12535, ' city':4272, ' of':310, ' Los':4602, ' Angeles':10722, ',':29892, ' two':1023, ' en':427, 'ig':335, 'm':29885, 'atic':2454, ' figures':13994, ' find':1284, ' themselves':6053, ' ent':875, 'ang':574, 'led':839, ' in':297, ' a':263, ' web':1856, ' of':310, ' crime':17268, ',':29892, ' passion':15935, ',':29892, ' and':322, ' re':337, 'dem':2310, 'ption':683, ' -':448, ' former':4642, ' L':365, 'AP':3301, 'D':29928, ' officer':12139, ' Jack':5457, ' Ram':8292, 'ire':533, 'z':29920, ' (':313, 'play':1456, 'ed':287, ' by':491, ' none':5642, ' other':916, ' than':1135, ' Robert':4755, ' Rod':7733, 'rig':8966, 'uez':24448 ]
[1716829110] n_remain: 29
[1716829110] eval: [ 'uez':24448 ]
[1716829110] n_past = 93
[1716829110] 
Tokens consumed so far = 93 / 2048
[1716829110] last: [ ' Hunter':25703, ''':29915, 's':29879, ' Code':5920, '"':29908, '':13, '':13, 'In':797, ' the':278, ' ne':452, 'on':265, '-':29899, 'so':578, 'aked':12535, ' city':4272, ' of':310, ' Los':4602, ' Angeles':10722, ',':29892, ' two':1023, ' en':427, 'ig':335, 'm':29885, 'atic':2454, ' figures':13994, ' find':1284, ' themselves':6053, ' ent':875, 'ang':574, 'led':839, ' in':297, ' a':263, ' web':1856, ' of':310, ' crime':17268, ',':29892, ' passion':15935, ',':29892, ' and':322, ' re':337, 'dem':2310, 'ption':683, ' -':448, ' former':4642, ' L':365, 'AP':3301, 'D':29928, ' officer':12139, ' Jack':5457, ' Ram':8292, 'ire':533, 'z':29920, ' (':313, 'play':1456, 'ed':287, ' by':491, ' none':5642, ' other':916, ' than':1135, ' Robert':4755, ' Rod':7733, 'rig':8966, 'uez':24448, ')':29897 ]
[1716829110] n_remain: 28
[1716829110] eval: [ ')':29897 ]
[1716829110] n_past = 94
[1716829110] 
Tokens consumed so far = 94 / 2048
[1716829110] last: [ ''':29915, 's':29879, ' Code':5920, '"':29908, '':13, '':13, 'In':797, ' the':278, ' ne':452, 'on':265, '-':29899, 'so':578, 'aked':12535, ' city':4272, ' of':310, ' Los':4602, ' Angeles':10722, ',':29892, ' two':1023, ' en':427, 'ig':335, 'm':29885, 'atic':2454, ' figures':13994, ' find':1284, ' themselves':6053, ' ent':875, 'ang':574, 'led':839, ' in':297, ' a':263, ' web':1856, ' of':310, ' crime':17268, ',':29892, ' passion':15935, ',':29892, ' and':322, ' re':337, 'dem':2310, 'ption':683, ' -':448, ' former':4642, ' L':365, 'AP':3301, 'D':29928, ' officer':12139, ' Jack':5457, ' Ram':8292, 'ire':533, 'z':29920, ' (':313, 'play':1456, 'ed':287, ' by':491, ' none':5642, ' other':916, ' than':1135, ' Robert':4755, ' Rod':7733, 'rig':8966, 'uez':24448, ')':29897, ' and':322 ]
[1716829110] n_remain: 27
[1716829110] eval: [ ' and':322 ]
[1716829110] n_past = 95
[1716829110] 
Tokens consumed so far = 95 / 2048
[1716829110] last: [ 's':29879, ' Code':5920, '"':29908, '':13, '':13, 'In':797, ' the':278, ' ne':452, 'on':265, '-':29899, 'so':578, 'aked':12535, ' city':4272, ' of':310, ' Los':4602, ' Angeles':10722, ',':29892, ' two':1023, ' en':427, 'ig':335, 'm':29885, 'atic':2454, ' figures':13994, ' find':1284, ' themselves':6053, ' ent':875, 'ang':574, 'led':839, ' in':297, ' a':263, ' web':1856, ' of':310, ' crime':17268, ',':29892, ' passion':15935, ',':29892, ' and':322, ' re':337, 'dem':2310, 'ption':683, ' -':448, ' former':4642, ' L':365, 'AP':3301, 'D':29928, ' officer':12139, ' Jack':5457, ' Ram':8292, 'ire':533, 'z':29920, ' (':313, 'play':1456, 'ed':287, ' by':491, ' none':5642, ' other':916, ' than':1135, ' Robert':4755, ' Rod':7733, 'rig':8966, 'uez':24448, ')':29897, ' and':322, ' his':670 ]
[1716829110] n_remain: 26
[1716829110] eval: [ ' his':670 ]
[1716829110] n_past = 96
[1716829110] 
Tokens consumed so far = 96 / 2048
[1716829110] last: [ ' Code':5920, '"':29908, '':13, '':13, 'In':797, ' the':278, ' ne':452, 'on':265, '-':29899, 'so':578, 'aked':12535, ' city':4272, ' of':310, ' Los':4602, ' Angeles':10722, ',':29892, ' two':1023, ' en':427, 'ig':335, 'm':29885, 'atic':2454, ' figures':13994, ' find':1284, ' themselves':6053, ' ent':875, 'ang':574, 'led':839, ' in':297, ' a':263, ' web':1856, ' of':310, ' crime':17268, ',':29892, ' passion':15935, ',':29892, ' and':322, ' re':337, 'dem':2310, 'ption':683, ' -':448, ' former':4642, ' L':365, 'AP':3301, 'D':29928, ' officer':12139, ' Jack':5457, ' Ram':8292, 'ire':533, 'z':29920, ' (':313, 'play':1456, 'ed':287, ' by':491, ' none':5642, ' other':916, ' than':1135, ' Robert':4755, ' Rod':7733, 'rig':8966, 'uez':24448, ')':29897, ' and':322, ' his':670, ' new':716 ]
[1716829110] n_remain: 25
[1716829110] eval: [ ' new':716 ]
[1716829110] n_past = 97
[1716829110] 
Tokens consumed so far = 97 / 2048
[1716829110] last: [ '"':29908, '':13, '':13, 'In':797, ' the':278, ' ne':452, 'on':265, '-':29899, 'so':578, 'aked':12535, ' city':4272, ' of':310, ' Los':4602, ' Angeles':10722, ',':29892, ' two':1023, ' en':427, 'ig':335, 'm':29885, 'atic':2454, ' figures':13994, ' find':1284, ' themselves':6053, ' ent':875, 'ang':574, 'led':839, ' in':297, ' a':263, ' web':1856, ' of':310, ' crime':17268, ',':29892, ' passion':15935, ',':29892, ' and':322, ' re':337, 'dem':2310, 'ption':683, ' -':448, ' former':4642, ' L':365, 'AP':3301, 'D':29928, ' officer':12139, ' Jack':5457, ' Ram':8292, 'ire':533, 'z':29920, ' (':313, 'play':1456, 'ed':287, ' by':491, ' none':5642, ' other':916, ' than':1135, ' Robert':4755, ' Rod':7733, 'rig':8966, 'uez':24448, ')':29897, ' and':322, ' his':670, ' new':716, 'found':11940 ]
[1716829110] n_remain: 24
[1716829110] eval: [ 'found':11940 ]
[1716829110] n_past = 98
[1716829110] 
Tokens consumed so far = 98 / 2048
[1716829110] last: [ '':13, '':13, 'In':797, ' the':278, ' ne':452, 'on':265, '-':29899, 'so':578, 'aked':12535, ' city':4272, ' of':310, ' Los':4602, ' Angeles':10722, ',':29892, ' two':1023, ' en':427, 'ig':335, 'm':29885, 'atic':2454, ' figures':13994, ' find':1284, ' themselves':6053, ' ent':875, 'ang':574, 'led':839, ' in':297, ' a':263, ' web':1856, ' of':310, ' crime':17268, ',':29892, ' passion':15935, ',':29892, ' and':322, ' re':337, 'dem':2310, 'ption':683, ' -':448, ' former':4642, ' L':365, 'AP':3301, 'D':29928, ' officer':12139, ' Jack':5457, ' Ram':8292, 'ire':533, 'z':29920, ' (':313, 'play':1456, 'ed':287, ' by':491, ' none':5642, ' other':916, ' than':1135, ' Robert':4755, ' Rod':7733, 'rig':8966, 'uez':24448, ')':29897, ' and':322, ' his':670, ' new':716, 'found':11940, ' al':394 ]
[1716829110] n_remain: 23
[1716829110] eval: [ ' al':394 ]
[1716829110] n_past = 99
[1716829110] 
Tokens consumed so far = 99 / 2048
[1716829110] last: [ '':13, 'In':797, ' the':278, ' ne':452, 'on':265, '-':29899, 'so':578, 'aked':12535, ' city':4272, ' of':310, ' Los':4602, ' Angeles':10722, ',':29892, ' two':1023, ' en':427, 'ig':335, 'm':29885, 'atic':2454, ' figures':13994, ' find':1284, ' themselves':6053, ' ent':875, 'ang':574, 'led':839, ' in':297, ' a':263, ' web':1856, ' of':310, ' crime':17268, ',':29892, ' passion':15935, ',':29892, ' and':322, ' re':337, 'dem':2310, 'ption':683, ' -':448, ' former':4642, ' L':365, 'AP':3301, 'D':29928, ' officer':12139, ' Jack':5457, ' Ram':8292, 'ire':533, 'z':29920, ' (':313, 'play':1456, 'ed':287, ' by':491, ' none':5642, ' other':916, ' than':1135, ' Robert':4755, ' Rod':7733, 'rig':8966, 'uez':24448, ')':29897, ' and':322, ' his':670, ' new':716, 'found':11940, ' al':394, 'ly':368 ]
[1716829110] n_remain: 22
[1716829110] eval: [ 'ly':368 ]
[1716829111] n_past = 100
[1716829111] 
Tokens consumed so far = 100 / 2048
[1716829111] last: [ 'In':797, ' the':278, ' ne':452, 'on':265, '-':29899, 'so':578, 'aked':12535, ' city':4272, ' of':310, ' Los':4602, ' Angeles':10722, ',':29892, ' two':1023, ' en':427, 'ig':335, 'm':29885, 'atic':2454, ' figures':13994, ' find':1284, ' themselves':6053, ' ent':875, 'ang':574, 'led':839, ' in':297, ' a':263, ' web':1856, ' of':310, ' crime':17268, ',':29892, ' passion':15935, ',':29892, ' and':322, ' re':337, 'dem':2310, 'ption':683, ' -':448, ' former':4642, ' L':365, 'AP':3301, 'D':29928, ' officer':12139, ' Jack':5457, ' Ram':8292, 'ire':533, 'z':29920, ' (':313, 'play':1456, 'ed':287, ' by':491, ' none':5642, ' other':916, ' than':1135, ' Robert':4755, ' Rod':7733, 'rig':8966, 'uez':24448, ')':29897, ' and':322, ' his':670, ' new':716, 'found':11940, ' al':394, 'ly':368, ',':29892 ]
[1716829111] n_remain: 21
[1716829111] eval: [ ',':29892 ]
[1716829111] n_past = 101
[1716829111] 
Tokens consumed so far = 101 / 2048
[1716829111] last: [ ' the':278, ' ne':452, 'on':265, '-':29899, 'so':578, 'aked':12535, ' city':4272, ' of':310, ' Los':4602, ' Angeles':10722, ',':29892, ' two':1023, ' en':427, 'ig':335, 'm':29885, 'atic':2454, ' figures':13994, ' find':1284, ' themselves':6053, ' ent':875, 'ang':574, 'led':839, ' in':297, ' a':263, ' web':1856, ' of':310, ' crime':17268, ',':29892, ' passion':15935, ',':29892, ' and':322, ' re':337, 'dem':2310, 'ption':683, ' -':448, ' former':4642, ' L':365, 'AP':3301, 'D':29928, ' officer':12139, ' Jack':5457, ' Ram':8292, 'ire':533, 'z':29920, ' (':313, 'play':1456, 'ed':287, ' by':491, ' none':5642, ' other':916, ' than':1135, ' Robert':4755, ' Rod':7733, 'rig':8966, 'uez':24448, ')':29897, ' and':322, ' his':670, ' new':716, 'found':11940, ' al':394, 'ly':368, ',':29892, ' the':278 ]
[1716829111] n_remain: 20
[1716829111] eval: [ ' the':278 ]
[1716829111] n_past = 102
[1716829111] 
Tokens consumed so far = 102 / 2048
[1716829111] last: [ ' ne':452, 'on':265, '-':29899, 'so':578, 'aked':12535, ' city':4272, ' of':310, ' Los':4602, ' Angeles':10722, ',':29892, ' two':1023, ' en':427, 'ig':335, 'm':29885, 'atic':2454, ' figures':13994, ' find':1284, ' themselves':6053, ' ent':875, 'ang':574, 'led':839, ' in':297, ' a':263, ' web':1856, ' of':310, ' crime':17268, ',':29892, ' passion':15935, ',':29892, ' and':322, ' re':337, 'dem':2310, 'ption':683, ' -':448, ' former':4642, ' L':365, 'AP':3301, 'D':29928, ' officer':12139, ' Jack':5457, ' Ram':8292, 'ire':533, 'z':29920, ' (':313, 'play':1456, 'ed':287, ' by':491, ' none':5642, ' other':916, ' than':1135, ' Robert':4755, ' Rod':7733, 'rig':8966, 'uez':24448, ')':29897, ' and':322, ' his':670, ' new':716, 'found':11940, ' al':394, 'ly':368, ',':29892, ' the':278, ' legend':15983 ]
[1716829111] n_remain: 19
[1716829111] eval: [ ' legend':15983 ]
[1716829111] n_past = 103
[1716829111] 
Tokens consumed so far = 103 / 2048
[1716829111] last: [ 'on':265, '-':29899, 'so':578, 'aked':12535, ' city':4272, ' of':310, ' Los':4602, ' Angeles':10722, ',':29892, ' two':1023, ' en':427, 'ig':335, 'm':29885, 'atic':2454, ' figures':13994, ' find':1284, ' themselves':6053, ' ent':875, 'ang':574, 'led':839, ' in':297, ' a':263, ' web':1856, ' of':310, ' crime':17268, ',':29892, ' passion':15935, ',':29892, ' and':322, ' re':337, 'dem':2310, 'ption':683, ' -':448, ' former':4642, ' L':365, 'AP':3301, 'D':29928, ' officer':12139, ' Jack':5457, ' Ram':8292, 'ire':533, 'z':29920, ' (':313, 'play':1456, 'ed':287, ' by':491, ' none':5642, ' other':916, ' than':1135, ' Robert':4755, ' Rod':7733, 'rig':8966, 'uez':24448, ')':29897, ' and':322, ' his':670, ' new':716, 'found':11940, ' al':394, 'ly':368, ',':29892, ' the':278, ' legend':15983, 'ary':653 ]
[1716829111] n_remain: 18
[1716829111] eval: [ 'ary':653 ]
[1716829111] n_past = 104
[1716829111] 
Tokens consumed so far = 104 / 2048
[1716829111] last: [ '-':29899, 'so':578, 'aked':12535, ' city':4272, ' of':310, ' Los':4602, ' Angeles':10722, ',':29892, ' two':1023, ' en':427, 'ig':335, 'm':29885, 'atic':2454, ' figures':13994, ' find':1284, ' themselves':6053, ' ent':875, 'ang':574, 'led':839, ' in':297, ' a':263, ' web':1856, ' of':310, ' crime':17268, ',':29892, ' passion':15935, ',':29892, ' and':322, ' re':337, 'dem':2310, 'ption':683, ' -':448, ' former':4642, ' L':365, 'AP':3301, 'D':29928, ' officer':12139, ' Jack':5457, ' Ram':8292, 'ire':533, 'z':29920, ' (':313, 'play':1456, 'ed':287, ' by':491, ' none':5642, ' other':916, ' than':1135, ' Robert':4755, ' Rod':7733, 'rig':8966, 'uez':24448, ')':29897, ' and':322, ' his':670, ' new':716, 'found':11940, ' al':394, 'ly':368, ',':29892, ' the':278, ' legend':15983, 'ary':653, ' Qu':751 ]
[1716829111] n_remain: 17
[1716829111] eval: [ ' Qu':751 ]
[1716829111] n_past = 105
[1716829111] 
Tokens consumed so far = 105 / 2048
[1716829111] last: [ 'so':578, 'aked':12535, ' city':4272, ' of':310, ' Los':4602, ' Angeles':10722, ',':29892, ' two':1023, ' en':427, 'ig':335, 'm':29885, 'atic':2454, ' figures':13994, ' find':1284, ' themselves':6053, ' ent':875, 'ang':574, 'led':839, ' in':297, ' a':263, ' web':1856, ' of':310, ' crime':17268, ',':29892, ' passion':15935, ',':29892, ' and':322, ' re':337, 'dem':2310, 'ption':683, ' -':448, ' former':4642, ' L':365, 'AP':3301, 'D':29928, ' officer':12139, ' Jack':5457, ' Ram':8292, 'ire':533, 'z':29920, ' (':313, 'play':1456, 'ed':287, ' by':491, ' none':5642, ' other':916, ' than':1135, ' Robert':4755, ' Rod':7733, 'rig':8966, 'uez':24448, ')':29897, ' and':322, ' his':670, ' new':716, 'found':11940, ' al':394, 'ly':368, ',':29892, ' the':278, ' legend':15983, 'ary':653, ' Qu':751, 'entin':15440 ]
[1716829111] n_remain: 16
[1716829111] eval: [ 'entin':15440 ]
[1716829111] n_past = 106
[1716829111] 
Tokens consumed so far = 106 / 2048
[1716829111] last: [ 'aked':12535, ' city':4272, ' of':310, ' Los':4602, ' Angeles':10722, ',':29892, ' two':1023, ' en':427, 'ig':335, 'm':29885, 'atic':2454, ' figures':13994, ' find':1284, ' themselves':6053, ' ent':875, 'ang':574, 'led':839, ' in':297, ' a':263, ' web':1856, ' of':310, ' crime':17268, ',':29892, ' passion':15935, ',':29892, ' and':322, ' re':337, 'dem':2310, 'ption':683, ' -':448, ' former':4642, ' L':365, 'AP':3301, 'D':29928, ' officer':12139, ' Jack':5457, ' Ram':8292, 'ire':533, 'z':29920, ' (':313, 'play':1456, 'ed':287, ' by':491, ' none':5642, ' other':916, ' than':1135, ' Robert':4755, ' Rod':7733, 'rig':8966, 'uez':24448, ')':29897, ' and':322, ' his':670, ' new':716, 'found':11940, ' al':394, 'ly':368, ',':29892, ' the':278, ' legend':15983, 'ary':653, ' Qu':751, 'entin':15440, ' Tar':11740 ]
[1716829111] n_remain: 15
[1716829111] eval: [ ' Tar':11740 ]
[1716829111] n_past = 107
[1716829111] 
Tokens consumed so far = 107 / 2048
[1716829111] last: [ ' city':4272, ' of':310, ' Los':4602, ' Angeles':10722, ',':29892, ' two':1023, ' en':427, 'ig':335, 'm':29885, 'atic':2454, ' figures':13994, ' find':1284, ' themselves':6053, ' ent':875, 'ang':574, 'led':839, ' in':297, ' a':263, ' web':1856, ' of':310, ' crime':17268, ',':29892, ' passion':15935, ',':29892, ' and':322, ' re':337, 'dem':2310, 'ption':683, ' -':448, ' former':4642, ' L':365, 'AP':3301, 'D':29928, ' officer':12139, ' Jack':5457, ' Ram':8292, 'ire':533, 'z':29920, ' (':313, 'play':1456, 'ed':287, ' by':491, ' none':5642, ' other':916, ' than':1135, ' Robert':4755, ' Rod':7733, 'rig':8966, 'uez':24448, ')':29897, ' and':322, ' his':670, ' new':716, 'found':11940, ' al':394, 'ly':368, ',':29892, ' the':278, ' legend':15983, 'ary':653, ' Qu':751, 'entin':15440, ' Tar':11740, 'ant':424 ]
[1716829111] n_remain: 14
[1716829111] eval: [ 'ant':424 ]
[1716829111] n_past = 108
[1716829111] 
Tokens consumed so far = 108 / 2048
[1716829111] last: [ ' of':310, ' Los':4602, ' Angeles':10722, ',':29892, ' two':1023, ' en':427, 'ig':335, 'm':29885, 'atic':2454, ' figures':13994, ' find':1284, ' themselves':6053, ' ent':875, 'ang':574, 'led':839, ' in':297, ' a':263, ' web':1856, ' of':310, ' crime':17268, ',':29892, ' passion':15935, ',':29892, ' and':322, ' re':337, 'dem':2310, 'ption':683, ' -':448, ' former':4642, ' L':365, 'AP':3301, 'D':29928, ' officer':12139, ' Jack':5457, ' Ram':8292, 'ire':533, 'z':29920, ' (':313, 'play':1456, 'ed':287, ' by':491, ' none':5642, ' other':916, ' than':1135, ' Robert':4755, ' Rod':7733, 'rig':8966, 'uez':24448, ')':29897, ' and':322, ' his':670, ' new':716, 'found':11940, ' al':394, 'ly':368, ',':29892, ' the':278, ' legend':15983, 'ary':653, ' Qu':751, 'entin':15440, ' Tar':11740, 'ant':424, 'ino':1789 ]
[1716829111] n_remain: 13
[1716829111] eval: [ 'ino':1789 ]
[1716829111] n_past = 109
[1716829111] 
Tokens consumed so far = 109 / 2048
[1716829111] last: [ ' Los':4602, ' Angeles':10722, ',':29892, ' two':1023, ' en':427, 'ig':335, 'm':29885, 'atic':2454, ' figures':13994, ' find':1284, ' themselves':6053, ' ent':875, 'ang':574, 'led':839, ' in':297, ' a':263, ' web':1856, ' of':310, ' crime':17268, ',':29892, ' passion':15935, ',':29892, ' and':322, ' re':337, 'dem':2310, 'ption':683, ' -':448, ' former':4642, ' L':365, 'AP':3301, 'D':29928, ' officer':12139, ' Jack':5457, ' Ram':8292, 'ire':533, 'z':29920, ' (':313, 'play':1456, 'ed':287, ' by':491, ' none':5642, ' other':916, ' than':1135, ' Robert':4755, ' Rod':7733, 'rig':8966, 'uez':24448, ')':29897, ' and':322, ' his':670, ' new':716, 'found':11940, ' al':394, 'ly':368, ',':29892, ' the':278, ' legend':15983, 'ary':653, ' Qu':751, 'entin':15440, ' Tar':11740, 'ant':424, 'ino':1789, ''':29915 ]
[1716829111] n_remain: 12
[1716829111] eval: [ ''':29915 ]
[1716829111] n_past = 110
[1716829111] 
Tokens consumed so far = 110 / 2048
[1716829111] last: [ ' Angeles':10722, ',':29892, ' two':1023, ' en':427, 'ig':335, 'm':29885, 'atic':2454, ' figures':13994, ' find':1284, ' themselves':6053, ' ent':875, 'ang':574, 'led':839, ' in':297, ' a':263, ' web':1856, ' of':310, ' crime':17268, ',':29892, ' passion':15935, ',':29892, ' and':322, ' re':337, 'dem':2310, 'ption':683, ' -':448, ' former':4642, ' L':365, 'AP':3301, 'D':29928, ' officer':12139, ' Jack':5457, ' Ram':8292, 'ire':533, 'z':29920, ' (':313, 'play':1456, 'ed':287, ' by':491, ' none':5642, ' other':916, ' than':1135, ' Robert':4755, ' Rod':7733, 'rig':8966, 'uez':24448, ')':29897, ' and':322, ' his':670, ' new':716, 'found':11940, ' al':394, 'ly':368, ',':29892, ' the':278, ' legend':15983, 'ary':653, ' Qu':751, 'entin':15440, ' Tar':11740, 'ant':424, 'ino':1789, ''':29915, 's':29879 ]
[1716829111] n_remain: 11
[1716829111] eval: [ 's':29879 ]
[1716829111] n_past = 111
[1716829111] 
Tokens consumed so far = 111 / 2048
[1716829111] last: [ ',':29892, ' two':1023, ' en':427, 'ig':335, 'm':29885, 'atic':2454, ' figures':13994, ' find':1284, ' themselves':6053, ' ent':875, 'ang':574, 'led':839, ' in':297, ' a':263, ' web':1856, ' of':310, ' crime':17268, ',':29892, ' passion':15935, ',':29892, ' and':322, ' re':337, 'dem':2310, 'ption':683, ' -':448, ' former':4642, ' L':365, 'AP':3301, 'D':29928, ' officer':12139, ' Jack':5457, ' Ram':8292, 'ire':533, 'z':29920, ' (':313, 'play':1456, 'ed':287, ' by':491, ' none':5642, ' other':916, ' than':1135, ' Robert':4755, ' Rod':7733, 'rig':8966, 'uez':24448, ')':29897, ' and':322, ' his':670, ' new':716, 'found':11940, ' al':394, 'ly':368, ',':29892, ' the':278, ' legend':15983, 'ary':653, ' Qu':751, 'entin':15440, ' Tar':11740, 'ant':424, 'ino':1789, ''':29915, 's':29879, ' character':2931 ]
[1716829111] n_remain: 10
[1716829111] eval: [ ' character':2931 ]
[1716829111] n_past = 112
[1716829111] 
Tokens consumed so far = 112 / 2048
[1716829111] last: [ ' two':1023, ' en':427, 'ig':335, 'm':29885, 'atic':2454, ' figures':13994, ' find':1284, ' themselves':6053, ' ent':875, 'ang':574, 'led':839, ' in':297, ' a':263, ' web':1856, ' of':310, ' crime':17268, ',':29892, ' passion':15935, ',':29892, ' and':322, ' re':337, 'dem':2310, 'ption':683, ' -':448, ' former':4642, ' L':365, 'AP':3301, 'D':29928, ' officer':12139, ' Jack':5457, ' Ram':8292, 'ire':533, 'z':29920, ' (':313, 'play':1456, 'ed':287, ' by':491, ' none':5642, ' other':916, ' than':1135, ' Robert':4755, ' Rod':7733, 'rig':8966, 'uez':24448, ')':29897, ' and':322, ' his':670, ' new':716, 'found':11940, ' al':394, 'ly':368, ',':29892, ' the':278, ' legend':15983, 'ary':653, ' Qu':751, 'entin':15440, ' Tar':11740, 'ant':424, 'ino':1789, ''':29915, 's':29879, ' character':2931, ',':29892 ]
[1716829111] n_remain: 9
[1716829111] eval: [ ',':29892 ]
[1716829111] n_past = 113
[1716829111] 
Tokens consumed so far = 113 / 2048
[1716829111] last: [ ' en':427, 'ig':335, 'm':29885, 'atic':2454, ' figures':13994, ' find':1284, ' themselves':6053, ' ent':875, 'ang':574, 'led':839, ' in':297, ' a':263, ' web':1856, ' of':310, ' crime':17268, ',':29892, ' passion':15935, ',':29892, ' and':322, ' re':337, 'dem':2310, 'ption':683, ' -':448, ' former':4642, ' L':365, 'AP':3301, 'D':29928, ' officer':12139, ' Jack':5457, ' Ram':8292, 'ire':533, 'z':29920, ' (':313, 'play':1456, 'ed':287, ' by':491, ' none':5642, ' other':916, ' than':1135, ' Robert':4755, ' Rod':7733, 'rig':8966, 'uez':24448, ')':29897, ' and':322, ' his':670, ' new':716, 'found':11940, ' al':394, 'ly':368, ',':29892, ' the':278, ' legend':15983, 'ary':653, ' Qu':751, 'entin':15440, ' Tar':11740, 'ant':424, 'ino':1789, ''':29915, 's':29879, ' character':2931, ',':29892, ' Jules':27151 ]
[1716829111] n_remain: 8
[1716829111] eval: [ ' Jules':27151 ]
[1716829111] n_past = 114
[1716829111] 
Tokens consumed so far = 114 / 2048
[1716829111] last: [ 'ig':335, 'm':29885, 'atic':2454, ' figures':13994, ' find':1284, ' themselves':6053, ' ent':875, 'ang':574, 'led':839, ' in':297, ' a':263, ' web':1856, ' of':310, ' crime':17268, ',':29892, ' passion':15935, ',':29892, ' and':322, ' re':337, 'dem':2310, 'ption':683, ' -':448, ' former':4642, ' L':365, 'AP':3301, 'D':29928, ' officer':12139, ' Jack':5457, ' Ram':8292, 'ire':533, 'z':29920, ' (':313, 'play':1456, 'ed':287, ' by':491, ' none':5642, ' other':916, ' than':1135, ' Robert':4755, ' Rod':7733, 'rig':8966, 'uez':24448, ')':29897, ' and':322, ' his':670, ' new':716, 'found':11940, ' al':394, 'ly':368, ',':29892, ' the':278, ' legend':15983, 'ary':653, ' Qu':751, 'entin':15440, ' Tar':11740, 'ant':424, 'ino':1789, ''':29915, 's':29879, ' character':2931, ',':29892, ' Jules':27151, ' W':399 ]
[1716829111] n_remain: 7
[1716829111] eval: [ ' W':399 ]
[1716829111] n_past = 115
[1716829111] 
Tokens consumed so far = 115 / 2048
[1716829111] last: [ 'm':29885, 'atic':2454, ' figures':13994, ' find':1284, ' themselves':6053, ' ent':875, 'ang':574, 'led':839, ' in':297, ' a':263, ' web':1856, ' of':310, ' crime':17268, ',':29892, ' passion':15935, ',':29892, ' and':322, ' re':337, 'dem':2310, 'ption':683, ' -':448, ' former':4642, ' L':365, 'AP':3301, 'D':29928, ' officer':12139, ' Jack':5457, ' Ram':8292, 'ire':533, 'z':29920, ' (':313, 'play':1456, 'ed':287, ' by':491, ' none':5642, ' other':916, ' than':1135, ' Robert':4755, ' Rod':7733, 'rig':8966, 'uez':24448, ')':29897, ' and':322, ' his':670, ' new':716, 'found':11940, ' al':394, 'ly':368, ',':29892, ' the':278, ' legend':15983, 'ary':653, ' Qu':751, 'entin':15440, ' Tar':11740, 'ant':424, 'ino':1789, ''':29915, 's':29879, ' character':2931, ',':29892, ' Jules':27151, ' W':399, 'inn':2559 ]
[1716829111] n_remain: 6
[1716829111] eval: [ 'inn':2559 ]
[1716829111] n_past = 116
[1716829111] 
Tokens consumed so far = 116 / 2048
[1716829111] last: [ 'atic':2454, ' figures':13994, ' find':1284, ' themselves':6053, ' ent':875, 'ang':574, 'led':839, ' in':297, ' a':263, ' web':1856, ' of':310, ' crime':17268, ',':29892, ' passion':15935, ',':29892, ' and':322, ' re':337, 'dem':2310, 'ption':683, ' -':448, ' former':4642, ' L':365, 'AP':3301, 'D':29928, ' officer':12139, ' Jack':5457, ' Ram':8292, 'ire':533, 'z':29920, ' (':313, 'play':1456, 'ed':287, ' by':491, ' none':5642, ' other':916, ' than':1135, ' Robert':4755, ' Rod':7733, 'rig':8966, 'uez':24448, ')':29897, ' and':322, ' his':670, ' new':716, 'found':11940, ' al':394, 'ly':368, ',':29892, ' the':278, ' legend':15983, 'ary':653, ' Qu':751, 'entin':15440, ' Tar':11740, 'ant':424, 'ino':1789, ''':29915, 's':29879, ' character':2931, ',':29892, ' Jules':27151, ' W':399, 'inn':2559, 'field':2671 ]
[1716829111] n_remain: 5
[1716829111] eval: [ 'field':2671 ]
[1716829111] n_past = 117
[1716829111] 
Tokens consumed so far = 117 / 2048
[1716829111] last: [ ' figures':13994, ' find':1284, ' themselves':6053, ' ent':875, 'ang':574, 'led':839, ' in':297, ' a':263, ' web':1856, ' of':310, ' crime':17268, ',':29892, ' passion':15935, ',':29892, ' and':322, ' re':337, 'dem':2310, 'ption':683, ' -':448, ' former':4642, ' L':365, 'AP':3301, 'D':29928, ' officer':12139, ' Jack':5457, ' Ram':8292, 'ire':533, 'z':29920, ' (':313, 'play':1456, 'ed':287, ' by':491, ' none':5642, ' other':916, ' than':1135, ' Robert':4755, ' Rod':7733, 'rig':8966, 'uez':24448, ')':29897, ' and':322, ' his':670, ' new':716, 'found':11940, ' al':394, 'ly':368, ',':29892, ' the':278, ' legend':15983, 'ary':653, ' Qu':751, 'entin':15440, ' Tar':11740, 'ant':424, 'ino':1789, ''':29915, 's':29879, ' character':2931, ',':29892, ' Jules':27151, ' W':399, 'inn':2559, 'field':2671, '.':29889 ]
[1716829111] n_remain: 4
[1716829111] eval: [ '.':29889 ]
[1716829111] n_past = 118
[1716829111] 
Tokens consumed so far = 118 / 2048
[1716829111] last: [ ' find':1284, ' themselves':6053, ' ent':875, 'ang':574, 'led':839, ' in':297, ' a':263, ' web':1856, ' of':310, ' crime':17268, ',':29892, ' passion':15935, ',':29892, ' and':322, ' re':337, 'dem':2310, 'ption':683, ' -':448, ' former':4642, ' L':365, 'AP':3301, 'D':29928, ' officer':12139, ' Jack':5457, ' Ram':8292, 'ire':533, 'z':29920, ' (':313, 'play':1456, 'ed':287, ' by':491, ' none':5642, ' other':916, ' than':1135, ' Robert':4755, ' Rod':7733, 'rig':8966, 'uez':24448, ')':29897, ' and':322, ' his':670, ' new':716, 'found':11940, ' al':394, 'ly':368, ',':29892, ' the':278, ' legend':15983, 'ary':653, ' Qu':751, 'entin':15440, ' Tar':11740, 'ant':424, 'ino':1789, ''':29915, 's':29879, ' character':2931, ',':29892, ' Jules':27151, ' W':399, 'inn':2559, 'field':2671, '.':29889, '':13 ]
[1716829111] n_remain: 3
[1716829111] eval: [ '':13 ]
[1716829111] n_past = 119
[1716829111] 
Tokens consumed so far = 119 / 2048
[1716829111] last: [ ' themselves':6053, ' ent':875, 'ang':574, 'led':839, ' in':297, ' a':263, ' web':1856, ' of':310, ' crime':17268, ',':29892, ' passion':15935, ',':29892, ' and':322, ' re':337, 'dem':2310, 'ption':683, ' -':448, ' former':4642, ' L':365, 'AP':3301, 'D':29928, ' officer':12139, ' Jack':5457, ' Ram':8292, 'ire':533, 'z':29920, ' (':313, 'play':1456, 'ed':287, ' by':491, ' none':5642, ' other':916, ' than':1135, ' Robert':4755, ' Rod':7733, 'rig':8966, 'uez':24448, ')':29897, ' and':322, ' his':670, ' new':716, 'found':11940, ' al':394, 'ly':368, ',':29892, ' the':278, ' legend':15983, 'ary':653, ' Qu':751, 'entin':15440, ' Tar':11740, 'ant':424, 'ino':1789, ''':29915, 's':29879, ' character':2931, ',':29892, ' Jules':27151, ' W':399, 'inn':2559, 'field':2671, '.':29889, '':13, '':13 ]
[1716829111] n_remain: 2
[1716829111] eval: [ '':13 ]
[1716829111] n_past = 120
[1716829111] 
Tokens consumed so far = 120 / 2048
[1716829111] last: [ ' ent':875, 'ang':574, 'led':839, ' in':297, ' a':263, ' web':1856, ' of':310, ' crime':17268, ',':29892, ' passion':15935, ',':29892, ' and':322, ' re':337, 'dem':2310, 'ption':683, ' -':448, ' former':4642, ' L':365, 'AP':3301, 'D':29928, ' officer':12139, ' Jack':5457, ' Ram':8292, 'ire':533, 'z':29920, ' (':313, 'play':1456, 'ed':287, ' by':491, ' none':5642, ' other':916, ' than':1135, ' Robert':4755, ' Rod':7733, 'rig':8966, 'uez':24448, ')':29897, ' and':322, ' his':670, ' new':716, 'found':11940, ' al':394, 'ly':368, ',':29892, ' the':278, ' legend':15983, 'ary':653, ' Qu':751, 'entin':15440, ' Tar':11740, 'ant':424, 'ino':1789, ''':29915, 's':29879, ' character':2931, ',':29892, ' Jules':27151, ' W':399, 'inn':2559, 'field':2671, '.':29889, '':13, '':13, 'The':1576 ]
[1716829111] n_remain: 1
[1716829111] eval: [ 'The':1576 ]
[1716829112] n_past = 121
[1716829112] 
Tokens consumed so far = 121 / 2048
[1716829112] last: [ 'ang':574, 'led':839, ' in':297, ' a':263, ' web':1856, ' of':310, ' crime':17268, ',':29892, ' passion':15935, ',':29892, ' and':322, ' re':337, 'dem':2310, 'ption':683, ' -':448, ' former':4642, ' L':365, 'AP':3301, 'D':29928, ' officer':12139, ' Jack':5457, ' Ram':8292, 'ire':533, 'z':29920, ' (':313, 'play':1456, 'ed':287, ' by':491, ' none':5642, ' other':916, ' than':1135, ' Robert':4755, ' Rod':7733, 'rig':8966, 'uez':24448, ')':29897, ' and':322, ' his':670, ' new':716, 'found':11940, ' al':394, 'ly':368, ',':29892, ' the':278, ' legend':15983, 'ary':653, ' Qu':751, 'entin':15440, ' Tar':11740, 'ant':424, 'ino':1789, ''':29915, 's':29879, ' character':2931, ',':29892, ' Jules':27151, ' W':399, 'inn':2559, 'field':2671, '.':29889, '':13, '':13, 'The':1576, ' year':1629 ]
[1716829112] n_remain: 0
[1716829112] Log end
